18-Jun-2018 10:38:14.099 INFORMACIÓN [main] org.apache.catalina.startup.VersionLoggerListener.log Server version:        Apache Tomcat/9.0.4
18-Jun-2018 10:38:14.104 INFORMACIÓN [main] org.apache.catalina.startup.VersionLoggerListener.log Server built:          Jan 18 2018 19:42:17 UTC
18-Jun-2018 10:38:14.104 INFORMACIÓN [main] org.apache.catalina.startup.VersionLoggerListener.log Server number:         9.0.4.0
18-Jun-2018 10:38:14.107 INFORMACIÓN [main] org.apache.catalina.startup.VersionLoggerListener.log OS Name:               Windows 10
18-Jun-2018 10:38:14.108 INFORMACIÓN [main] org.apache.catalina.startup.VersionLoggerListener.log OS Version:            10.0
18-Jun-2018 10:38:14.108 INFORMACIÓN [main] org.apache.catalina.startup.VersionLoggerListener.log Architecture:          amd64
18-Jun-2018 10:38:14.108 INFORMACIÓN [main] org.apache.catalina.startup.VersionLoggerListener.log Java Home:             C:\Program Files\Java\jdk1.8.0_171\jre
18-Jun-2018 10:38:14.108 INFORMACIÓN [main] org.apache.catalina.startup.VersionLoggerListener.log JVM Version:           1.8.0_171-b11
18-Jun-2018 10:38:14.108 INFORMACIÓN [main] org.apache.catalina.startup.VersionLoggerListener.log JVM Vendor:            Oracle Corporation
18-Jun-2018 10:38:14.108 INFORMACIÓN [main] org.apache.catalina.startup.VersionLoggerListener.log CATALINA_BASE:         C:\workspaces\terrario\tomcat-9.0
18-Jun-2018 10:38:14.122 INFORMACIÓN [main] org.apache.catalina.startup.VersionLoggerListener.log CATALINA_HOME:         C:\workspaces\terrario\tomcat-9.0
18-Jun-2018 10:38:14.124 INFORMACIÓN [main] org.apache.catalina.startup.VersionLoggerListener.log Command line argument: -Djava.util.logging.config.file=C:\workspaces\terrario\tomcat-9.0\conf\logging.properties
18-Jun-2018 10:38:14.124 INFORMACIÓN [main] org.apache.catalina.startup.VersionLoggerListener.log Command line argument: -Djava.util.logging.manager=org.apache.juli.ClassLoaderLogManager
18-Jun-2018 10:38:14.124 INFORMACIÓN [main] org.apache.catalina.startup.VersionLoggerListener.log Command line argument: -Dhttp.nonProxyHosts=localhost|127.0.0.1|MX3500906DC0189
18-Jun-2018 10:38:14.125 INFORMACIÓN [main] org.apache.catalina.startup.VersionLoggerListener.log Command line argument: -Djdk.tls.ephemeralDHKeySize=2048
18-Jun-2018 10:38:14.125 INFORMACIÓN [main] org.apache.catalina.startup.VersionLoggerListener.log Command line argument: -Djava.protocol.handler.pkgs=org.apache.catalina.webresources
18-Jun-2018 10:38:14.125 INFORMACIÓN [main] org.apache.catalina.startup.VersionLoggerListener.log Command line argument: -Dignore.endorsed.dirs=
18-Jun-2018 10:38:14.125 INFORMACIÓN [main] org.apache.catalina.startup.VersionLoggerListener.log Command line argument: -Dcatalina.base=C:\workspaces\terrario\tomcat-9.0
18-Jun-2018 10:38:14.125 INFORMACIÓN [main] org.apache.catalina.startup.VersionLoggerListener.log Command line argument: -Dcatalina.home=C:\workspaces\terrario\tomcat-9.0
18-Jun-2018 10:38:14.126 INFORMACIÓN [main] org.apache.catalina.startup.VersionLoggerListener.log Command line argument: -Djava.io.tmpdir=C:\workspaces\terrario\tomcat-9.0\temp
18-Jun-2018 10:38:14.126 INFORMACIÓN [main] org.apache.catalina.core.AprLifecycleListener.lifecycleEvent La biblioteca nativa de Apache Tomcat basada en ARP que permite un rendimiento óptimo en entornos de desarrollo no ha sido hallada en java.library.path: [C:\Program Files\Java\jdk1.8.0_171\bin;C:\WINDOWS\Sun\Java\bin;C:\WINDOWS\system32;C:\WINDOWS;C:\Program Files (x86)\Common Files\Oracle\Java\javapath;C:\Program Files (x86)\Intel\iCLS Client\;C:\Program Files\Intel\iCLS Client\;C:\WINDOWS\system32;C:\WINDOWS;C:\WINDOWS\System32\Wbem;C:\WINDOWS\System32\WindowsPowerShell\v1.0\;C:\Program Files (x86)\Intel\Intel(R) Management Engine Components\DAL;C:\Program Files\Intel\Intel(R) Management Engine Components\DAL;C:\Program Files (x86)\Intel\Intel(R) Management Engine Components\IPT;C:\Program Files\Intel\Intel(R) Management Engine Components\IPT;C:\Program Files\TortoiseSVN\bin;C:\Program Files\Java\jdk1.8.0_171;C:\Program Files\Java\jdk1.8.0_171\bin;"C:\Users\x45558re\AppData\Local\Microsoft\WindowsApps;C:\Program Files\Java\jdk1.8.0_171\bin";;.]
18-Jun-2018 10:38:14.679 INFORMACIÓN [main] org.apache.coyote.AbstractProtocol.init Initializing ProtocolHandler ["http-nio-8080"]
18-Jun-2018 10:38:15.364 INFORMACIÓN [main] org.apache.tomcat.util.net.NioSelectorPool.getSharedSelector Using a shared selector for servlet write/read
18-Jun-2018 10:38:15.375 INFORMACIÓN [main] org.apache.coyote.AbstractProtocol.init Initializing ProtocolHandler ["ajp-nio-8009"]
18-Jun-2018 10:38:15.378 INFORMACIÓN [main] org.apache.tomcat.util.net.NioSelectorPool.getSharedSelector Using a shared selector for servlet write/read
18-Jun-2018 10:38:15.379 INFORMACIÓN [main] org.apache.catalina.startup.Catalina.load Initialization processed in 2801 ms
18-Jun-2018 10:38:15.448 INFORMACIÓN [main] org.apache.catalina.core.StandardService.startInternal Arrancando servicio [Catalina]
18-Jun-2018 10:38:15.448 INFORMACIÓN [main] org.apache.catalina.core.StandardEngine.startInternal Starting Servlet Engine: Apache Tomcat/9.0.4
18-Jun-2018 10:38:15.482 INFORMACIÓN [main] org.apache.catalina.startup.HostConfig.deployDirectory Despliegue del directorio [C:\workspaces\terrario\tomcat-9.0\webapps\docs] de la aplicación web
18-Jun-2018 10:38:18.501 INFORMACIÓN [main] org.apache.jasper.servlet.TldScanner.scanJars Al menos un JAR, que se ha explorado buscando TLDs, aún no contenía TLDs. Activar historial de depuración para este historiador para una completa lista de los JARs que fueron explorados y de los que nos se halló TLDs. Saltarse JARs no necesarios durante la exploración puede dar lugar a una mejora de tiempo significativa en el arranque y compilación de JSP .
18-Jun-2018 10:38:18.696 INFORMACIÓN [main] org.apache.catalina.startup.HostConfig.deployDirectory Deployment of web application directory [C:\workspaces\terrario\tomcat-9.0\webapps\docs] has finished in [3.212] ms
18-Jun-2018 10:38:18.697 INFORMACIÓN [main] org.apache.catalina.startup.HostConfig.deployDirectory Despliegue del directorio [C:\workspaces\terrario\tomcat-9.0\webapps\examples] de la aplicación web
18-Jun-2018 10:38:21.792 INFORMACIÓN [main] org.apache.jasper.servlet.TldScanner.scanJars Al menos un JAR, que se ha explorado buscando TLDs, aún no contenía TLDs. Activar historial de depuración para este historiador para una completa lista de los JARs que fueron explorados y de los que nos se halló TLDs. Saltarse JARs no necesarios durante la exploración puede dar lugar a una mejora de tiempo significativa en el arranque y compilación de JSP .
18-Jun-2018 10:38:21.948 INFORMACIÓN [main] org.apache.catalina.startup.HostConfig.deployDirectory Deployment of web application directory [C:\workspaces\terrario\tomcat-9.0\webapps\examples] has finished in [3.252] ms
18-Jun-2018 10:38:21.948 INFORMACIÓN [main] org.apache.catalina.startup.HostConfig.deployDirectory Despliegue del directorio [C:\workspaces\terrario\tomcat-9.0\webapps\host-manager] de la aplicación web
18-Jun-2018 10:38:23.601 INFORMACIÓN [main] org.apache.jasper.servlet.TldScanner.scanJars Al menos un JAR, que se ha explorado buscando TLDs, aún no contenía TLDs. Activar historial de depuración para este historiador para una completa lista de los JARs que fueron explorados y de los que nos se halló TLDs. Saltarse JARs no necesarios durante la exploración puede dar lugar a una mejora de tiempo significativa en el arranque y compilación de JSP .
18-Jun-2018 10:38:23.614 INFORMACIÓN [main] org.apache.catalina.startup.HostConfig.deployDirectory Deployment of web application directory [C:\workspaces\terrario\tomcat-9.0\webapps\host-manager] has finished in [1.665] ms
18-Jun-2018 10:38:23.615 INFORMACIÓN [main] org.apache.catalina.startup.HostConfig.deployDirectory Despliegue del directorio [C:\workspaces\terrario\tomcat-9.0\webapps\manager] de la aplicación web
18-Jun-2018 10:38:25.250 INFORMACIÓN [main] org.apache.jasper.servlet.TldScanner.scanJars Al menos un JAR, que se ha explorado buscando TLDs, aún no contenía TLDs. Activar historial de depuración para este historiador para una completa lista de los JARs que fueron explorados y de los que nos se halló TLDs. Saltarse JARs no necesarios durante la exploración puede dar lugar a una mejora de tiempo significativa en el arranque y compilación de JSP .
18-Jun-2018 10:38:25.255 INFORMACIÓN [main] org.apache.catalina.startup.HostConfig.deployDirectory Deployment of web application directory [C:\workspaces\terrario\tomcat-9.0\webapps\manager] has finished in [1.640] ms
18-Jun-2018 10:38:25.255 INFORMACIÓN [main] org.apache.catalina.startup.HostConfig.deployDirectory Despliegue del directorio [C:\workspaces\terrario\tomcat-9.0\webapps\ROOT] de la aplicación web
18-Jun-2018 10:38:26.444 INFORMACIÓN [main] org.apache.jasper.servlet.TldScanner.scanJars Al menos un JAR, que se ha explorado buscando TLDs, aún no contenía TLDs. Activar historial de depuración para este historiador para una completa lista de los JARs que fueron explorados y de los que nos se halló TLDs. Saltarse JARs no necesarios durante la exploración puede dar lugar a una mejora de tiempo significativa en el arranque y compilación de JSP .
18-Jun-2018 10:38:26.449 INFORMACIÓN [main] org.apache.catalina.startup.HostConfig.deployDirectory Deployment of web application directory [C:\workspaces\terrario\tomcat-9.0\webapps\ROOT] has finished in [1.194] ms
18-Jun-2018 10:38:26.453 INFORMACIÓN [main] org.apache.coyote.AbstractProtocol.start Starting ProtocolHandler ["http-nio-8080"]
18-Jun-2018 10:38:26.468 INFORMACIÓN [main] org.apache.coyote.AbstractProtocol.start Starting ProtocolHandler ["ajp-nio-8009"]
18-Jun-2018 10:38:26.474 INFORMACIÓN [main] org.apache.catalina.startup.Catalina.start Server startup in 11085 ms
18-Jun-2018 10:38:36.764 INFORMACIÓN [http-nio-8080-exec-4] org.apache.catalina.startup.HostConfig.deployDescriptor Desplieque del descriptor de configuración [C:\workspaces\terrario\tomcat-9.0\conf\Catalina\localhost\RoboticaTerrario.xml]
18-Jun-2018 10:38:37.994 INFORMACIÓN [http-nio-8080-exec-4] org.apache.jasper.servlet.TldScanner.scanJars Al menos un JAR, que se ha explorado buscando TLDs, aún no contenía TLDs. Activar historial de depuración para este historiador para una completa lista de los JARs que fueron explorados y de los que nos se halló TLDs. Saltarse JARs no necesarios durante la exploración puede dar lugar a una mejora de tiempo significativa en el arranque y compilación de JSP .
18-Jun-2018 10:38:38.006 INFORMACIÓN [http-nio-8080-exec-4] org.apache.catalina.startup.HostConfig.deployDescriptor Deployment of configuration descriptor [C:\workspaces\terrario\tomcat-9.0\conf\Catalina\localhost\RoboticaTerrario.xml] has finished in [1.242] ms
18-Jun-2018 10:38:38.015 INFORMACIÓN [http-nio-8080-exec-2] org.apache.catalina.util.LifecycleBase.start The start() method was called on component [StandardEngine[Catalina].StandardHost[localhost].StandardContext[/RoboticaTerrario]] after start() had already been called. The second call will be ignored.
18-Jun-2018 10:49:37.671 INFORMACIÓN [main] org.apache.catalina.core.StandardServer.await Se ha recibido un comando de apagado a través del puerto de apagado. Parando la instancia del Servidor.
18-Jun-2018 10:49:37.671 INFORMACIÓN [main] org.apache.coyote.AbstractProtocol.pause Pausing ProtocolHandler ["http-nio-8080"]
18-Jun-2018 10:49:38.059 INFORMACIÓN [main] org.apache.coyote.AbstractProtocol.pause Pausing ProtocolHandler ["ajp-nio-8009"]
18-Jun-2018 10:49:38.403 INFORMACIÓN [main] org.apache.catalina.core.StandardService.stopInternal Parando servicio [Catalina]
18-Jun-2018 10:49:38.588 INFORMACIÓN [main] org.apache.coyote.AbstractProtocol.stop Stopping ProtocolHandler ["http-nio-8080"]
18-Jun-2018 10:49:38.614 INFORMACIÓN [main] org.apache.coyote.AbstractProtocol.stop Stopping ProtocolHandler ["ajp-nio-8009"]
18-Jun-2018 10:49:38.616 INFORMACIÓN [main] org.apache.coyote.AbstractProtocol.destroy Destroying ProtocolHandler ["http-nio-8080"]
18-Jun-2018 10:49:38.618 INFORMACIÓN [main] org.apache.coyote.AbstractProtocol.destroy Destroying ProtocolHandler ["ajp-nio-8009"]
18-Jun-2018 10:49:52.356 INFORMACIÓN [main] org.apache.catalina.startup.VersionLoggerListener.log Server version:        Apache Tomcat/9.0.4
18-Jun-2018 10:49:52.403 INFORMACIÓN [main] org.apache.catalina.startup.VersionLoggerListener.log Server built:          Jan 18 2018 19:42:17 UTC
18-Jun-2018 10:49:52.403 INFORMACIÓN [main] org.apache.catalina.startup.VersionLoggerListener.log Server number:         9.0.4.0
18-Jun-2018 10:49:52.403 INFORMACIÓN [main] org.apache.catalina.startup.VersionLoggerListener.log OS Name:               Windows 10
18-Jun-2018 10:49:52.403 INFORMACIÓN [main] org.apache.catalina.startup.VersionLoggerListener.log OS Version:            10.0
18-Jun-2018 10:49:52.403 INFORMACIÓN [main] org.apache.catalina.startup.VersionLoggerListener.log Architecture:          amd64
18-Jun-2018 10:49:52.403 INFORMACIÓN [main] org.apache.catalina.startup.VersionLoggerListener.log Java Home:             C:\Program Files\Java\jdk1.8.0_171\jre
18-Jun-2018 10:49:52.403 INFORMACIÓN [main] org.apache.catalina.startup.VersionLoggerListener.log JVM Version:           1.8.0_171-b11
18-Jun-2018 10:49:52.403 INFORMACIÓN [main] org.apache.catalina.startup.VersionLoggerListener.log JVM Vendor:            Oracle Corporation
18-Jun-2018 10:49:52.403 INFORMACIÓN [main] org.apache.catalina.startup.VersionLoggerListener.log CATALINA_BASE:         C:\workspaces\terrario\tomcat-9.0
18-Jun-2018 10:49:52.403 INFORMACIÓN [main] org.apache.catalina.startup.VersionLoggerListener.log CATALINA_HOME:         C:\workspaces\terrario\tomcat-9.0
18-Jun-2018 10:49:52.403 INFORMACIÓN [main] org.apache.catalina.startup.VersionLoggerListener.log Command line argument: -Djava.util.logging.config.file=C:\workspaces\terrario\tomcat-9.0\conf\logging.properties
18-Jun-2018 10:49:52.403 INFORMACIÓN [main] org.apache.catalina.startup.VersionLoggerListener.log Command line argument: -Djava.util.logging.manager=org.apache.juli.ClassLoaderLogManager
18-Jun-2018 10:49:52.403 INFORMACIÓN [main] org.apache.catalina.startup.VersionLoggerListener.log Command line argument: -Dhttp.nonProxyHosts=localhost|127.0.0.1|MX3500906DC0189
18-Jun-2018 10:49:52.403 INFORMACIÓN [main] org.apache.catalina.startup.VersionLoggerListener.log Command line argument: -Djdk.tls.ephemeralDHKeySize=2048
18-Jun-2018 10:49:52.403 INFORMACIÓN [main] org.apache.catalina.startup.VersionLoggerListener.log Command line argument: -Djava.protocol.handler.pkgs=org.apache.catalina.webresources
18-Jun-2018 10:49:52.403 INFORMACIÓN [main] org.apache.catalina.startup.VersionLoggerListener.log Command line argument: -agentlib:jdwp=transport=dt_shmem,address=tomcat_shared_memory_id,server=y,suspend=n
18-Jun-2018 10:49:52.403 INFORMACIÓN [main] org.apache.catalina.startup.VersionLoggerListener.log Command line argument: -Dignore.endorsed.dirs=
18-Jun-2018 10:49:52.403 INFORMACIÓN [main] org.apache.catalina.startup.VersionLoggerListener.log Command line argument: -Dcatalina.base=C:\workspaces\terrario\tomcat-9.0
18-Jun-2018 10:49:52.403 INFORMACIÓN [main] org.apache.catalina.startup.VersionLoggerListener.log Command line argument: -Dcatalina.home=C:\workspaces\terrario\tomcat-9.0
18-Jun-2018 10:49:52.403 INFORMACIÓN [main] org.apache.catalina.startup.VersionLoggerListener.log Command line argument: -Djava.io.tmpdir=C:\workspaces\terrario\tomcat-9.0\temp
18-Jun-2018 10:49:52.403 INFORMACIÓN [main] org.apache.catalina.core.AprLifecycleListener.lifecycleEvent La biblioteca nativa de Apache Tomcat basada en ARP que permite un rendimiento óptimo en entornos de desarrollo no ha sido hallada en java.library.path: [C:\Program Files\Java\jdk1.8.0_171\bin;C:\WINDOWS\Sun\Java\bin;C:\WINDOWS\system32;C:\WINDOWS;C:\Program Files (x86)\Common Files\Oracle\Java\javapath;C:\Program Files (x86)\Intel\iCLS Client\;C:\Program Files\Intel\iCLS Client\;C:\WINDOWS\system32;C:\WINDOWS;C:\WINDOWS\System32\Wbem;C:\WINDOWS\System32\WindowsPowerShell\v1.0\;C:\Program Files (x86)\Intel\Intel(R) Management Engine Components\DAL;C:\Program Files\Intel\Intel(R) Management Engine Components\DAL;C:\Program Files (x86)\Intel\Intel(R) Management Engine Components\IPT;C:\Program Files\Intel\Intel(R) Management Engine Components\IPT;C:\Program Files\TortoiseSVN\bin;C:\Program Files\Java\jdk1.8.0_171;C:\Program Files\Java\jdk1.8.0_171\bin;"C:\Users\x45558re\AppData\Local\Microsoft\WindowsApps;C:\Program Files\Java\jdk1.8.0_171\bin";;.]
18-Jun-2018 10:49:55.559 INFORMACIÓN [main] org.apache.coyote.AbstractProtocol.init Initializing ProtocolHandler ["http-nio-8080"]
18-Jun-2018 10:49:57.496 INFORMACIÓN [main] org.apache.tomcat.util.net.NioSelectorPool.getSharedSelector Using a shared selector for servlet write/read
18-Jun-2018 10:49:57.569 INFORMACIÓN [main] org.apache.coyote.AbstractProtocol.init Initializing ProtocolHandler ["ajp-nio-8009"]
18-Jun-2018 10:49:57.572 INFORMACIÓN [main] org.apache.tomcat.util.net.NioSelectorPool.getSharedSelector Using a shared selector for servlet write/read
18-Jun-2018 10:49:57.572 INFORMACIÓN [main] org.apache.catalina.startup.Catalina.load Initialization processed in 10071 ms
18-Jun-2018 10:49:57.751 INFORMACIÓN [main] org.apache.catalina.core.StandardService.startInternal Arrancando servicio [Catalina]
18-Jun-2018 10:49:57.751 INFORMACIÓN [main] org.apache.catalina.core.StandardEngine.startInternal Starting Servlet Engine: Apache Tomcat/9.0.4
18-Jun-2018 10:49:57.770 INFORMACIÓN [main] org.apache.catalina.startup.HostConfig.deployDescriptor Desplieque del descriptor de configuración [C:\workspaces\terrario\tomcat-9.0\conf\Catalina\localhost\RoboticaTerrario.xml]
18-Jun-2018 10:50:03.112 INFORMACIÓN [main] org.apache.jasper.servlet.TldScanner.scanJars Al menos un JAR, que se ha explorado buscando TLDs, aún no contenía TLDs. Activar historial de depuración para este historiador para una completa lista de los JARs que fueron explorados y de los que nos se halló TLDs. Saltarse JARs no necesarios durante la exploración puede dar lugar a una mejora de tiempo significativa en el arranque y compilación de JSP .
18-Jun-2018 10:50:03.563 INFORMACIÓN [main] org.apache.catalina.startup.HostConfig.deployDescriptor Deployment of configuration descriptor [C:\workspaces\terrario\tomcat-9.0\conf\Catalina\localhost\RoboticaTerrario.xml] has finished in [5.763] ms
18-Jun-2018 10:50:03.579 INFORMACIÓN [main] org.apache.catalina.startup.HostConfig.deployDirectory Despliegue del directorio [C:\workspaces\terrario\tomcat-9.0\webapps\docs] de la aplicación web
18-Jun-2018 10:50:04.570 INFORMACIÓN [main] org.apache.jasper.servlet.TldScanner.scanJars Al menos un JAR, que se ha explorado buscando TLDs, aún no contenía TLDs. Activar historial de depuración para este historiador para una completa lista de los JARs que fueron explorados y de los que nos se halló TLDs. Saltarse JARs no necesarios durante la exploración puede dar lugar a una mejora de tiempo significativa en el arranque y compilación de JSP .
18-Jun-2018 10:50:04.575 INFORMACIÓN [main] org.apache.catalina.startup.HostConfig.deployDirectory Deployment of web application directory [C:\workspaces\terrario\tomcat-9.0\webapps\docs] has finished in [995] ms
18-Jun-2018 10:50:04.575 INFORMACIÓN [main] org.apache.catalina.startup.HostConfig.deployDirectory Despliegue del directorio [C:\workspaces\terrario\tomcat-9.0\webapps\examples] de la aplicación web
18-Jun-2018 10:50:07.915 INFORMACIÓN [main] org.apache.jasper.servlet.TldScanner.scanJars Al menos un JAR, que se ha explorado buscando TLDs, aún no contenía TLDs. Activar historial de depuración para este historiador para una completa lista de los JARs que fueron explorados y de los que nos se halló TLDs. Saltarse JARs no necesarios durante la exploración puede dar lugar a una mejora de tiempo significativa en el arranque y compilación de JSP .
18-Jun-2018 10:50:08.035 INFORMACIÓN [main] org.apache.catalina.startup.HostConfig.deployDirectory Deployment of web application directory [C:\workspaces\terrario\tomcat-9.0\webapps\examples] has finished in [3.460] ms
18-Jun-2018 10:50:08.035 INFORMACIÓN [main] org.apache.catalina.startup.HostConfig.deployDirectory Despliegue del directorio [C:\workspaces\terrario\tomcat-9.0\webapps\host-manager] de la aplicación web
18-Jun-2018 10:50:09.320 INFORMACIÓN [main] org.apache.jasper.servlet.TldScanner.scanJars Al menos un JAR, que se ha explorado buscando TLDs, aún no contenía TLDs. Activar historial de depuración para este historiador para una completa lista de los JARs que fueron explorados y de los que nos se halló TLDs. Saltarse JARs no necesarios durante la exploración puede dar lugar a una mejora de tiempo significativa en el arranque y compilación de JSP .
18-Jun-2018 10:50:09.320 INFORMACIÓN [main] org.apache.catalina.startup.HostConfig.deployDirectory Deployment of web application directory [C:\workspaces\terrario\tomcat-9.0\webapps\host-manager] has finished in [1.285] ms
18-Jun-2018 10:50:09.320 INFORMACIÓN [main] org.apache.catalina.startup.HostConfig.deployDirectory Despliegue del directorio [C:\workspaces\terrario\tomcat-9.0\webapps\manager] de la aplicación web
18-Jun-2018 10:50:10.350 INFORMACIÓN [main] org.apache.jasper.servlet.TldScanner.scanJars Al menos un JAR, que se ha explorado buscando TLDs, aún no contenía TLDs. Activar historial de depuración para este historiador para una completa lista de los JARs que fueron explorados y de los que nos se halló TLDs. Saltarse JARs no necesarios durante la exploración puede dar lugar a una mejora de tiempo significativa en el arranque y compilación de JSP .
18-Jun-2018 10:50:10.350 INFORMACIÓN [main] org.apache.catalina.startup.HostConfig.deployDirectory Deployment of web application directory [C:\workspaces\terrario\tomcat-9.0\webapps\manager] has finished in [1.030] ms
18-Jun-2018 10:50:10.350 INFORMACIÓN [main] org.apache.catalina.startup.HostConfig.deployDirectory Despliegue del directorio [C:\workspaces\terrario\tomcat-9.0\webapps\ROOT] de la aplicación web
18-Jun-2018 10:50:11.084 INFORMACIÓN [main] org.apache.jasper.servlet.TldScanner.scanJars Al menos un JAR, que se ha explorado buscando TLDs, aún no contenía TLDs. Activar historial de depuración para este historiador para una completa lista de los JARs que fueron explorados y de los que nos se halló TLDs. Saltarse JARs no necesarios durante la exploración puede dar lugar a una mejora de tiempo significativa en el arranque y compilación de JSP .
18-Jun-2018 10:50:11.084 INFORMACIÓN [main] org.apache.catalina.startup.HostConfig.deployDirectory Deployment of web application directory [C:\workspaces\terrario\tomcat-9.0\webapps\ROOT] has finished in [734] ms
18-Jun-2018 10:50:11.099 INFORMACIÓN [main] org.apache.coyote.AbstractProtocol.start Starting ProtocolHandler ["http-nio-8080"]
18-Jun-2018 10:50:11.099 INFORMACIÓN [main] org.apache.coyote.AbstractProtocol.start Starting ProtocolHandler ["ajp-nio-8009"]
18-Jun-2018 10:50:11.115 INFORMACIÓN [main] org.apache.catalina.startup.Catalina.start Server startup in 13539 ms
18-Jun-2018 10:50:22.490 INFORMACIÓN [http-nio-8080-exec-9] org.apache.catalina.startup.HostConfig.undeploy Repliegue (undeploy) de la aplicación web que tiene como trayectoria de contexto [/RoboticaTerrario]
18-Jun-2018 10:50:22.843 INFORMACIÓN [http-nio-8080-exec-3] org.apache.catalina.startup.HostConfig.deployDescriptor Desplieque del descriptor de configuración [C:\workspaces\terrario\tomcat-9.0\conf\Catalina\localhost\RoboticaTerrario.xml]
18-Jun-2018 10:50:24.493 INFORMACIÓN [http-nio-8080-exec-3] org.apache.catalina.startup.HostConfig.deployDescriptor Deployment of configuration descriptor [C:\workspaces\terrario\tomcat-9.0\conf\Catalina\localhost\RoboticaTerrario.xml] has finished in [1.650] ms
18-Jun-2018 10:50:24.711 INFORMACIÓN [http-nio-8080-exec-4] org.apache.catalina.util.LifecycleBase.start The start() method was called on component [StandardEngine[Catalina].StandardHost[localhost].StandardContext[/RoboticaTerrario]] after start() had already been called. The second call will be ignored.
18-Jun-2018 11:12:30.322 INFORMACIÓN [http-nio-8080-exec-18] org.apache.catalina.startup.HostConfig.undeploy Repliegue (undeploy) de la aplicación web que tiene como trayectoria de contexto [/RoboticaTerrario]
18-Jun-2018 17:29:01.264 INFORMACIÓN [main] org.apache.catalina.startup.VersionLoggerListener.log Server version:        Apache Tomcat/9.0.4
18-Jun-2018 17:29:01.269 INFORMACIÓN [main] org.apache.catalina.startup.VersionLoggerListener.log Server built:          Jan 18 2018 19:42:17 UTC
18-Jun-2018 17:29:01.269 INFORMACIÓN [main] org.apache.catalina.startup.VersionLoggerListener.log Server number:         9.0.4.0
18-Jun-2018 17:29:01.269 INFORMACIÓN [main] org.apache.catalina.startup.VersionLoggerListener.log OS Name:               Windows 10
18-Jun-2018 17:29:01.271 INFORMACIÓN [main] org.apache.catalina.startup.VersionLoggerListener.log OS Version:            10.0
18-Jun-2018 17:29:01.271 INFORMACIÓN [main] org.apache.catalina.startup.VersionLoggerListener.log Architecture:          amd64
18-Jun-2018 17:29:01.271 INFORMACIÓN [main] org.apache.catalina.startup.VersionLoggerListener.log Java Home:             C:\Program Files\Java\jdk1.8.0_171\jre
18-Jun-2018 17:29:01.272 INFORMACIÓN [main] org.apache.catalina.startup.VersionLoggerListener.log JVM Version:           1.8.0_171-b11
18-Jun-2018 17:29:01.272 INFORMACIÓN [main] org.apache.catalina.startup.VersionLoggerListener.log JVM Vendor:            Oracle Corporation
18-Jun-2018 17:29:01.272 INFORMACIÓN [main] org.apache.catalina.startup.VersionLoggerListener.log CATALINA_BASE:         C:\workspaces\terrario\tomcat-9.0
18-Jun-2018 17:29:01.272 INFORMACIÓN [main] org.apache.catalina.startup.VersionLoggerListener.log CATALINA_HOME:         C:\workspaces\terrario\tomcat-9.0
18-Jun-2018 17:29:01.272 INFORMACIÓN [main] org.apache.catalina.startup.VersionLoggerListener.log Command line argument: -Djava.util.logging.config.file=C:\workspaces\terrario\tomcat-9.0\conf\logging.properties
18-Jun-2018 17:29:01.272 INFORMACIÓN [main] org.apache.catalina.startup.VersionLoggerListener.log Command line argument: -Djava.util.logging.manager=org.apache.juli.ClassLoaderLogManager
18-Jun-2018 17:29:01.272 INFORMACIÓN [main] org.apache.catalina.startup.VersionLoggerListener.log Command line argument: -Dhttp.nonProxyHosts=localhost|127.0.0.1|MX3500906DC0189
18-Jun-2018 17:29:01.272 INFORMACIÓN [main] org.apache.catalina.startup.VersionLoggerListener.log Command line argument: -Djdk.tls.ephemeralDHKeySize=2048
18-Jun-2018 17:29:01.273 INFORMACIÓN [main] org.apache.catalina.startup.VersionLoggerListener.log Command line argument: -Djava.protocol.handler.pkgs=org.apache.catalina.webresources
18-Jun-2018 17:29:01.273 INFORMACIÓN [main] org.apache.catalina.startup.VersionLoggerListener.log Command line argument: -agentlib:jdwp=transport=dt_shmem,address=tomcat_shared_memory_id,server=y,suspend=n
18-Jun-2018 17:29:01.273 INFORMACIÓN [main] org.apache.catalina.startup.VersionLoggerListener.log Command line argument: -Dignore.endorsed.dirs=
18-Jun-2018 17:29:01.273 INFORMACIÓN [main] org.apache.catalina.startup.VersionLoggerListener.log Command line argument: -Dcatalina.base=C:\workspaces\terrario\tomcat-9.0
18-Jun-2018 17:29:01.273 INFORMACIÓN [main] org.apache.catalina.startup.VersionLoggerListener.log Command line argument: -Dcatalina.home=C:\workspaces\terrario\tomcat-9.0
18-Jun-2018 17:29:01.273 INFORMACIÓN [main] org.apache.catalina.startup.VersionLoggerListener.log Command line argument: -Djava.io.tmpdir=C:\workspaces\terrario\tomcat-9.0\temp
18-Jun-2018 17:29:01.273 INFORMACIÓN [main] org.apache.catalina.core.AprLifecycleListener.lifecycleEvent La biblioteca nativa de Apache Tomcat basada en ARP que permite un rendimiento óptimo en entornos de desarrollo no ha sido hallada en java.library.path: [C:\Program Files\Java\jdk1.8.0_171\bin;C:\WINDOWS\Sun\Java\bin;C:\WINDOWS\system32;C:\WINDOWS;C:\Program Files (x86)\Common Files\Oracle\Java\javapath;C:\Program Files (x86)\Intel\iCLS Client\;C:\Program Files\Intel\iCLS Client\;C:\WINDOWS\system32;C:\WINDOWS;C:\WINDOWS\System32\Wbem;C:\WINDOWS\System32\WindowsPowerShell\v1.0\;C:\Program Files (x86)\Intel\Intel(R) Management Engine Components\DAL;C:\Program Files\Intel\Intel(R) Management Engine Components\DAL;C:\Program Files (x86)\Intel\Intel(R) Management Engine Components\IPT;C:\Program Files\Intel\Intel(R) Management Engine Components\IPT;C:\Program Files\TortoiseSVN\bin;C:\Program Files\Java\jdk1.8.0_171;C:\Program Files\Java\jdk1.8.0_171\bin;C:\Program Files\dotnet\;C:\Program Files\Microsoft SQL Server\130\Tools\Binn\;"C:\Users\x45558re\AppData\Local\Microsoft\WindowsApps;C:\Program Files\Java\jdk1.8.0_171\bin";;.]
18-Jun-2018 17:29:02.302 INFORMACIÓN [main] org.apache.coyote.AbstractProtocol.init Initializing ProtocolHandler ["http-nio-8080"]
18-Jun-2018 17:29:02.658 INFORMACIÓN [main] org.apache.tomcat.util.net.NioSelectorPool.getSharedSelector Using a shared selector for servlet write/read
18-Jun-2018 17:29:02.674 INFORMACIÓN [main] org.apache.coyote.AbstractProtocol.init Initializing ProtocolHandler ["ajp-nio-8009"]
18-Jun-2018 17:29:02.674 INFORMACIÓN [main] org.apache.tomcat.util.net.NioSelectorPool.getSharedSelector Using a shared selector for servlet write/read
18-Jun-2018 17:29:02.674 INFORMACIÓN [main] org.apache.catalina.startup.Catalina.load Initialization processed in 2312 ms
18-Jun-2018 17:29:02.831 INFORMACIÓN [main] org.apache.catalina.core.StandardService.startInternal Arrancando servicio [Catalina]
18-Jun-2018 17:29:02.831 INFORMACIÓN [main] org.apache.catalina.core.StandardEngine.startInternal Starting Servlet Engine: Apache Tomcat/9.0.4
18-Jun-2018 17:29:02.858 INFORMACIÓN [main] org.apache.catalina.startup.HostConfig.deployDirectory Despliegue del directorio [C:\workspaces\terrario\tomcat-9.0\webapps\docs] de la aplicación web
18-Jun-2018 17:29:04.678 INFORMACIÓN [main] org.apache.jasper.servlet.TldScanner.scanJars Al menos un JAR, que se ha explorado buscando TLDs, aún no contenía TLDs. Activar historial de depuración para este historiador para una completa lista de los JARs que fueron explorados y de los que nos se halló TLDs. Saltarse JARs no necesarios durante la exploración puede dar lugar a una mejora de tiempo significativa en el arranque y compilación de JSP .
18-Jun-2018 17:29:04.772 INFORMACIÓN [main] org.apache.catalina.startup.HostConfig.deployDirectory Deployment of web application directory [C:\workspaces\terrario\tomcat-9.0\webapps\docs] has finished in [1.914] ms
18-Jun-2018 17:29:04.773 INFORMACIÓN [main] org.apache.catalina.startup.HostConfig.deployDirectory Despliegue del directorio [C:\workspaces\terrario\tomcat-9.0\webapps\examples] de la aplicación web
18-Jun-2018 17:29:07.522 INFORMACIÓN [main] org.apache.jasper.servlet.TldScanner.scanJars Al menos un JAR, que se ha explorado buscando TLDs, aún no contenía TLDs. Activar historial de depuración para este historiador para una completa lista de los JARs que fueron explorados y de los que nos se halló TLDs. Saltarse JARs no necesarios durante la exploración puede dar lugar a una mejora de tiempo significativa en el arranque y compilación de JSP .
18-Jun-2018 17:29:07.704 INFORMACIÓN [main] org.apache.catalina.startup.HostConfig.deployDirectory Deployment of web application directory [C:\workspaces\terrario\tomcat-9.0\webapps\examples] has finished in [2.931] ms
18-Jun-2018 17:29:07.705 INFORMACIÓN [main] org.apache.catalina.startup.HostConfig.deployDirectory Despliegue del directorio [C:\workspaces\terrario\tomcat-9.0\webapps\host-manager] de la aplicación web
18-Jun-2018 17:29:08.470 INFORMACIÓN [main] org.apache.jasper.servlet.TldScanner.scanJars Al menos un JAR, que se ha explorado buscando TLDs, aún no contenía TLDs. Activar historial de depuración para este historiador para una completa lista de los JARs que fueron explorados y de los que nos se halló TLDs. Saltarse JARs no necesarios durante la exploración puede dar lugar a una mejora de tiempo significativa en el arranque y compilación de JSP .
18-Jun-2018 17:29:08.481 INFORMACIÓN [main] org.apache.catalina.startup.HostConfig.deployDirectory Deployment of web application directory [C:\workspaces\terrario\tomcat-9.0\webapps\host-manager] has finished in [775] ms
18-Jun-2018 17:29:08.481 INFORMACIÓN [main] org.apache.catalina.startup.HostConfig.deployDirectory Despliegue del directorio [C:\workspaces\terrario\tomcat-9.0\webapps\manager] de la aplicación web
18-Jun-2018 17:29:09.254 INFORMACIÓN [main] org.apache.jasper.servlet.TldScanner.scanJars Al menos un JAR, que se ha explorado buscando TLDs, aún no contenía TLDs. Activar historial de depuración para este historiador para una completa lista de los JARs que fueron explorados y de los que nos se halló TLDs. Saltarse JARs no necesarios durante la exploración puede dar lugar a una mejora de tiempo significativa en el arranque y compilación de JSP .
18-Jun-2018 17:29:09.281 INFORMACIÓN [main] org.apache.catalina.startup.HostConfig.deployDirectory Deployment of web application directory [C:\workspaces\terrario\tomcat-9.0\webapps\manager] has finished in [800] ms
18-Jun-2018 17:29:09.282 INFORMACIÓN [main] org.apache.catalina.startup.HostConfig.deployDirectory Despliegue del directorio [C:\workspaces\terrario\tomcat-9.0\webapps\ROOT] de la aplicación web
18-Jun-2018 17:29:09.868 INFORMACIÓN [main] org.apache.jasper.servlet.TldScanner.scanJars Al menos un JAR, que se ha explorado buscando TLDs, aún no contenía TLDs. Activar historial de depuración para este historiador para una completa lista de los JARs que fueron explorados y de los que nos se halló TLDs. Saltarse JARs no necesarios durante la exploración puede dar lugar a una mejora de tiempo significativa en el arranque y compilación de JSP .
18-Jun-2018 17:29:09.868 INFORMACIÓN [main] org.apache.catalina.startup.HostConfig.deployDirectory Deployment of web application directory [C:\workspaces\terrario\tomcat-9.0\webapps\ROOT] has finished in [586] ms
18-Jun-2018 17:29:09.868 INFORMACIÓN [main] org.apache.coyote.AbstractProtocol.start Starting ProtocolHandler ["http-nio-8080"]
18-Jun-2018 17:29:09.884 INFORMACIÓN [main] org.apache.coyote.AbstractProtocol.start Starting ProtocolHandler ["ajp-nio-8009"]
18-Jun-2018 17:29:09.884 INFORMACIÓN [main] org.apache.catalina.startup.Catalina.start Server startup in 7208 ms
18-Jun-2018 17:29:17.692 INFORMACIÓN [http-nio-8080-exec-7] org.apache.catalina.startup.HostConfig.deployDescriptor Desplieque del descriptor de configuración [C:\workspaces\terrario\tomcat-9.0\conf\Catalina\localhost\RoboticaTerrario.xml]
18-Jun-2018 17:29:19.564 INFORMACIÓN [http-nio-8080-exec-7] org.apache.jasper.servlet.TldScanner.scanJars Al menos un JAR, que se ha explorado buscando TLDs, aún no contenía TLDs. Activar historial de depuración para este historiador para una completa lista de los JARs que fueron explorados y de los que nos se halló TLDs. Saltarse JARs no necesarios durante la exploración puede dar lugar a una mejora de tiempo significativa en el arranque y compilación de JSP .
18-Jun-2018 17:29:19.574 INFORMACIÓN [http-nio-8080-exec-7] org.apache.catalina.startup.HostConfig.deployDescriptor Deployment of configuration descriptor [C:\workspaces\terrario\tomcat-9.0\conf\Catalina\localhost\RoboticaTerrario.xml] has finished in [1.882] ms
18-Jun-2018 17:29:19.581 INFORMACIÓN [http-nio-8080-exec-8] org.apache.catalina.util.LifecycleBase.start The start() method was called on component [StandardEngine[Catalina].StandardHost[localhost].StandardContext[/RoboticaTerrario]] after start() had already been called. The second call will be ignored.
18-Jun-2018 17:44:51.537 INFORMACIÓN [http-nio-8080-exec-6] org.apache.catalina.startup.HostConfig.undeploy Repliegue (undeploy) de la aplicación web que tiene como trayectoria de contexto [/RoboticaTerrario]
18-Jun-2018 17:44:51.562 INFORMACIÓN [http-nio-8080-exec-7] org.apache.catalina.startup.HostConfig.deployDescriptor Desplieque del descriptor de configuración [C:\workspaces\terrario\tomcat-9.0\conf\Catalina\localhost\RoboticaTerrario.xml]
18-Jun-2018 17:44:52.792 INFORMACIÓN [http-nio-8080-exec-7] org.apache.jasper.servlet.TldScanner.scanJars Al menos un JAR, que se ha explorado buscando TLDs, aún no contenía TLDs. Activar historial de depuración para este historiador para una completa lista de los JARs que fueron explorados y de los que nos se halló TLDs. Saltarse JARs no necesarios durante la exploración puede dar lugar a una mejora de tiempo significativa en el arranque y compilación de JSP .
18-Jun-2018 17:44:52.800 INFORMACIÓN [http-nio-8080-exec-7] org.apache.catalina.startup.HostConfig.deployDescriptor Deployment of configuration descriptor [C:\workspaces\terrario\tomcat-9.0\conf\Catalina\localhost\RoboticaTerrario.xml] has finished in [1.238] ms
18-Jun-2018 17:48:01.265 INFORMACIÓN [ContainerBackgroundProcessor[StandardEngine[Catalina]]] org.apache.catalina.startup.HostConfig.reload Falló la recarga del contexto [/RoboticaTerrario]
18-Jun-2018 17:48:02.092 INFORMACIÓN [http-nio-8080-exec-18] org.apache.jasper.servlet.TldScanner.scanJars Al menos un JAR, que se ha explorado buscando TLDs, aún no contenía TLDs. Activar historial de depuración para este historiador para una completa lista de los JARs que fueron explorados y de los que nos se halló TLDs. Saltarse JARs no necesarios durante la exploración puede dar lugar a una mejora de tiempo significativa en el arranque y compilación de JSP .
18-Jun-2018 17:48:02.097 INFORMACIÓN [ContainerBackgroundProcessor[StandardEngine[Catalina]]] org.apache.catalina.util.LifecycleBase.start The start() method was called on component [StandardEngine[Catalina].StandardHost[localhost].StandardContext[/RoboticaTerrario]] after start() had already been called. The second call will be ignored.
18-Jun-2018 17:50:42.213 INFORMACIÓN [ContainerBackgroundProcessor[StandardEngine[Catalina]]] org.apache.catalina.startup.HostConfig.reload Falló la recarga del contexto [/RoboticaTerrario]
18-Jun-2018 17:50:42.213 INFORMACIÓN [ContainerBackgroundProcessor[StandardEngine[Catalina]]] org.apache.catalina.core.StandardContext.reload Ha comenzado la recarga de Contexto [/RoboticaTerrario]
18-Jun-2018 17:50:43.378 INFORMACIÓN [ContainerBackgroundProcessor[StandardEngine[Catalina]]] org.apache.jasper.servlet.TldScanner.scanJars Al menos un JAR, que se ha explorado buscando TLDs, aún no contenía TLDs. Activar historial de depuración para este historiador para una completa lista de los JARs que fueron explorados y de los que nos se halló TLDs. Saltarse JARs no necesarios durante la exploración puede dar lugar a una mejora de tiempo significativa en el arranque y compilación de JSP .
18-Jun-2018 17:50:43.383 INFORMACIÓN [ContainerBackgroundProcessor[StandardEngine[Catalina]]] org.apache.catalina.core.StandardContext.reload Se ha completado la recarga de este Contexto
18-Jun-2018 18:01:09.294 INFORMACIÓN [http-nio-8080-exec-26] org.apache.catalina.startup.HostConfig.undeploy Repliegue (undeploy) de la aplicación web que tiene como trayectoria de contexto [/RoboticaTerrario]
18-Jun-2018 18:20:55.410 INFORMACIÓN [http-nio-8080-exec-37] org.apache.catalina.startup.HostConfig.deployDescriptor Desplieque del descriptor de configuración [C:\workspaces\terrario\tomcat-9.0\conf\Catalina\localhost\RoboticaTerrario.xml]
18-Jun-2018 18:20:57.388 INFORMACIÓN [http-nio-8080-exec-37] org.apache.jasper.servlet.TldScanner.scanJars Al menos un JAR, que se ha explorado buscando TLDs, aún no contenía TLDs. Activar historial de depuración para este historiador para una completa lista de los JARs que fueron explorados y de los que nos se halló TLDs. Saltarse JARs no necesarios durante la exploración puede dar lugar a una mejora de tiempo significativa en el arranque y compilación de JSP .
18-Jun-2018 18:20:57.396 INFORMACIÓN [http-nio-8080-exec-37] org.apache.catalina.startup.HostConfig.deployDescriptor Deployment of configuration descriptor [C:\workspaces\terrario\tomcat-9.0\conf\Catalina\localhost\RoboticaTerrario.xml] has finished in [1.986] ms
18-Jun-2018 18:20:57.403 INFORMACIÓN [http-nio-8080-exec-36] org.apache.catalina.util.LifecycleBase.start The start() method was called on component [StandardEngine[Catalina].StandardHost[localhost].StandardContext[/RoboticaTerrario]] after start() had already been called. The second call will be ignored.
18-Jun-2018 18:23:38.869 INFORMACIÓN [http-nio-8080-exec-43] org.apache.catalina.startup.HostConfig.undeploy Repliegue (undeploy) de la aplicación web que tiene como trayectoria de contexto [/RoboticaTerrario]
18-Jun-2018 18:25:16.753 INFORMACIÓN [http-nio-8080-exec-53] org.apache.catalina.startup.HostConfig.deployDescriptor Desplieque del descriptor de configuración [C:\workspaces\terrario\tomcat-9.0\conf\Catalina\localhost\RoboticaTerrario.xml]
18-Jun-2018 18:25:17.932 INFORMACIÓN [http-nio-8080-exec-53] org.apache.jasper.servlet.TldScanner.scanJars Al menos un JAR, que se ha explorado buscando TLDs, aún no contenía TLDs. Activar historial de depuración para este historiador para una completa lista de los JARs que fueron explorados y de los que nos se halló TLDs. Saltarse JARs no necesarios durante la exploración puede dar lugar a una mejora de tiempo significativa en el arranque y compilación de JSP .
18-Jun-2018 18:25:17.947 INFORMACIÓN [http-nio-8080-exec-53] org.apache.catalina.startup.HostConfig.deployDescriptor Deployment of configuration descriptor [C:\workspaces\terrario\tomcat-9.0\conf\Catalina\localhost\RoboticaTerrario.xml] has finished in [1.210] ms
18-Jun-2018 18:25:17.947 INFORMACIÓN [http-nio-8080-exec-47] org.apache.catalina.util.LifecycleBase.start The start() method was called on component [StandardEngine[Catalina].StandardHost[localhost].StandardContext[/RoboticaTerrario]] after start() had already been called. The second call will be ignored.
18-Jun-2018 18:26:19.682 INFORMACIÓN [main] org.apache.catalina.core.StandardServer.await Se ha recibido un comando de apagado a través del puerto de apagado. Parando la instancia del Servidor.
18-Jun-2018 18:26:19.682 INFORMACIÓN [main] org.apache.coyote.AbstractProtocol.pause Pausing ProtocolHandler ["http-nio-8080"]
18-Jun-2018 18:26:19.988 INFORMACIÓN [main] org.apache.coyote.AbstractProtocol.pause Pausing ProtocolHandler ["ajp-nio-8009"]
18-Jun-2018 18:26:20.248 INFORMACIÓN [main] org.apache.catalina.core.StandardService.stopInternal Parando servicio [Catalina]
18-Jun-2018 18:26:20.268 INFORMACIÓN [main] org.apache.coyote.AbstractProtocol.stop Stopping ProtocolHandler ["http-nio-8080"]
18-Jun-2018 18:26:20.268 INFORMACIÓN [main] org.apache.coyote.AbstractProtocol.stop Stopping ProtocolHandler ["ajp-nio-8009"]
18-Jun-2018 18:26:20.285 INFORMACIÓN [main] org.apache.coyote.AbstractProtocol.destroy Destroying ProtocolHandler ["http-nio-8080"]
18-Jun-2018 18:26:20.286 INFORMACIÓN [main] org.apache.coyote.AbstractProtocol.destroy Destroying ProtocolHandler ["ajp-nio-8009"]
18-Jun-2018 18:27:17.438 INFORMACIÓN [main] org.apache.catalina.startup.VersionLoggerListener.log Server version:        Apache Tomcat/9.0.4
18-Jun-2018 18:27:17.485 INFORMACIÓN [main] org.apache.catalina.startup.VersionLoggerListener.log Server built:          Jan 18 2018 19:42:17 UTC
18-Jun-2018 18:27:17.485 INFORMACIÓN [main] org.apache.catalina.startup.VersionLoggerListener.log Server number:         9.0.4.0
18-Jun-2018 18:27:17.485 INFORMACIÓN [main] org.apache.catalina.startup.VersionLoggerListener.log OS Name:               Windows 10
18-Jun-2018 18:27:17.485 INFORMACIÓN [main] org.apache.catalina.startup.VersionLoggerListener.log OS Version:            10.0
18-Jun-2018 18:27:17.485 INFORMACIÓN [main] org.apache.catalina.startup.VersionLoggerListener.log Architecture:          amd64
18-Jun-2018 18:27:17.485 INFORMACIÓN [main] org.apache.catalina.startup.VersionLoggerListener.log Java Home:             C:\Program Files\Java\jdk1.8.0_171\jre
18-Jun-2018 18:27:17.485 INFORMACIÓN [main] org.apache.catalina.startup.VersionLoggerListener.log JVM Version:           1.8.0_171-b11
18-Jun-2018 18:27:17.485 INFORMACIÓN [main] org.apache.catalina.startup.VersionLoggerListener.log JVM Vendor:            Oracle Corporation
18-Jun-2018 18:27:17.485 INFORMACIÓN [main] org.apache.catalina.startup.VersionLoggerListener.log CATALINA_BASE:         C:\workspaces\terrario\tomcat-9.0
18-Jun-2018 18:27:17.485 INFORMACIÓN [main] org.apache.catalina.startup.VersionLoggerListener.log CATALINA_HOME:         C:\workspaces\terrario\tomcat-9.0
18-Jun-2018 18:27:17.485 INFORMACIÓN [main] org.apache.catalina.startup.VersionLoggerListener.log Command line argument: -Djava.util.logging.config.file=C:\workspaces\terrario\tomcat-9.0\conf\logging.properties
18-Jun-2018 18:27:17.485 INFORMACIÓN [main] org.apache.catalina.startup.VersionLoggerListener.log Command line argument: -Djava.util.logging.manager=org.apache.juli.ClassLoaderLogManager
18-Jun-2018 18:27:17.485 INFORMACIÓN [main] org.apache.catalina.startup.VersionLoggerListener.log Command line argument: -Dhttp.nonProxyHosts=localhost|127.0.0.1|MX3500906DC0189
18-Jun-2018 18:27:17.485 INFORMACIÓN [main] org.apache.catalina.startup.VersionLoggerListener.log Command line argument: -Djdk.tls.ephemeralDHKeySize=2048
18-Jun-2018 18:27:17.485 INFORMACIÓN [main] org.apache.catalina.startup.VersionLoggerListener.log Command line argument: -Djava.protocol.handler.pkgs=org.apache.catalina.webresources
18-Jun-2018 18:27:17.485 INFORMACIÓN [main] org.apache.catalina.startup.VersionLoggerListener.log Command line argument: -Dignore.endorsed.dirs=
18-Jun-2018 18:27:17.485 INFORMACIÓN [main] org.apache.catalina.startup.VersionLoggerListener.log Command line argument: -Dcatalina.base=C:\workspaces\terrario\tomcat-9.0
18-Jun-2018 18:27:17.485 INFORMACIÓN [main] org.apache.catalina.startup.VersionLoggerListener.log Command line argument: -Dcatalina.home=C:\workspaces\terrario\tomcat-9.0
18-Jun-2018 18:27:17.485 INFORMACIÓN [main] org.apache.catalina.startup.VersionLoggerListener.log Command line argument: -Djava.io.tmpdir=C:\workspaces\terrario\tomcat-9.0\temp
18-Jun-2018 18:27:17.485 INFORMACIÓN [main] org.apache.catalina.core.AprLifecycleListener.lifecycleEvent La biblioteca nativa de Apache Tomcat basada en ARP que permite un rendimiento óptimo en entornos de desarrollo no ha sido hallada en java.library.path: [C:\Program Files\Java\jdk1.8.0_171\bin;C:\WINDOWS\Sun\Java\bin;C:\WINDOWS\system32;C:\WINDOWS;C:\Program Files (x86)\Common Files\Oracle\Java\javapath;C:\Program Files (x86)\Intel\iCLS Client\;C:\Program Files\Intel\iCLS Client\;C:\WINDOWS\system32;C:\WINDOWS;C:\WINDOWS\System32\Wbem;C:\WINDOWS\System32\WindowsPowerShell\v1.0\;C:\Program Files (x86)\Intel\Intel(R) Management Engine Components\DAL;C:\Program Files\Intel\Intel(R) Management Engine Components\DAL;C:\Program Files (x86)\Intel\Intel(R) Management Engine Components\IPT;C:\Program Files\Intel\Intel(R) Management Engine Components\IPT;C:\Program Files\TortoiseSVN\bin;C:\Program Files\Java\jdk1.8.0_171;C:\Program Files\Java\jdk1.8.0_171\bin;C:\Program Files\dotnet\;C:\Program Files\Microsoft SQL Server\130\Tools\Binn\;"C:\Users\x45558re\AppData\Local\Microsoft\WindowsApps;C:\Program Files\Java\jdk1.8.0_171\bin";;.]
18-Jun-2018 18:27:17.972 INFORMACIÓN [main] org.apache.coyote.AbstractProtocol.init Initializing ProtocolHandler ["http-nio-8080"]
18-Jun-2018 18:27:18.299 INFORMACIÓN [main] org.apache.tomcat.util.net.NioSelectorPool.getSharedSelector Using a shared selector for servlet write/read
18-Jun-2018 18:27:18.336 INFORMACIÓN [main] org.apache.coyote.AbstractProtocol.init Initializing ProtocolHandler ["ajp-nio-8009"]
18-Jun-2018 18:27:18.342 INFORMACIÓN [main] org.apache.tomcat.util.net.NioSelectorPool.getSharedSelector Using a shared selector for servlet write/read
18-Jun-2018 18:27:18.343 INFORMACIÓN [main] org.apache.catalina.startup.Catalina.load Initialization processed in 1604 ms
18-Jun-2018 18:27:18.430 INFORMACIÓN [main] org.apache.catalina.core.StandardService.startInternal Arrancando servicio [Catalina]
18-Jun-2018 18:27:18.430 INFORMACIÓN [main] org.apache.catalina.core.StandardEngine.startInternal Starting Servlet Engine: Apache Tomcat/9.0.4
18-Jun-2018 18:27:18.445 INFORMACIÓN [main] org.apache.catalina.startup.HostConfig.deployDescriptor Desplieque del descriptor de configuración [C:\workspaces\terrario\tomcat-9.0\conf\Catalina\localhost\RoboticaTerrario.xml]
18-Jun-2018 18:27:20.409 INFORMACIÓN [main] org.apache.jasper.servlet.TldScanner.scanJars Al menos un JAR, que se ha explorado buscando TLDs, aún no contenía TLDs. Activar historial de depuración para este historiador para una completa lista de los JARs que fueron explorados y de los que nos se halló TLDs. Saltarse JARs no necesarios durante la exploración puede dar lugar a una mejora de tiempo significativa en el arranque y compilación de JSP .
18-Jun-2018 18:27:20.519 INFORMACIÓN [main] org.apache.catalina.startup.HostConfig.deployDescriptor Deployment of configuration descriptor [C:\workspaces\terrario\tomcat-9.0\conf\Catalina\localhost\RoboticaTerrario.xml] has finished in [2.074] ms
18-Jun-2018 18:27:20.519 INFORMACIÓN [main] org.apache.catalina.startup.HostConfig.deployDirectory Despliegue del directorio [C:\workspaces\terrario\tomcat-9.0\webapps\docs] de la aplicación web
18-Jun-2018 18:27:21.485 INFORMACIÓN [main] org.apache.jasper.servlet.TldScanner.scanJars Al menos un JAR, que se ha explorado buscando TLDs, aún no contenía TLDs. Activar historial de depuración para este historiador para una completa lista de los JARs que fueron explorados y de los que nos se halló TLDs. Saltarse JARs no necesarios durante la exploración puede dar lugar a una mejora de tiempo significativa en el arranque y compilación de JSP .
18-Jun-2018 18:27:21.500 INFORMACIÓN [main] org.apache.catalina.startup.HostConfig.deployDirectory Deployment of web application directory [C:\workspaces\terrario\tomcat-9.0\webapps\docs] has finished in [981] ms
18-Jun-2018 18:27:21.500 INFORMACIÓN [main] org.apache.catalina.startup.HostConfig.deployDirectory Despliegue del directorio [C:\workspaces\terrario\tomcat-9.0\webapps\examples] de la aplicación web
18-Jun-2018 18:27:23.994 INFORMACIÓN [main] org.apache.jasper.servlet.TldScanner.scanJars Al menos un JAR, que se ha explorado buscando TLDs, aún no contenía TLDs. Activar historial de depuración para este historiador para una completa lista de los JARs que fueron explorados y de los que nos se halló TLDs. Saltarse JARs no necesarios durante la exploración puede dar lugar a una mejora de tiempo significativa en el arranque y compilación de JSP .
18-Jun-2018 18:27:24.082 INFORMACIÓN [main] org.apache.catalina.startup.HostConfig.deployDirectory Deployment of web application directory [C:\workspaces\terrario\tomcat-9.0\webapps\examples] has finished in [2.582] ms
18-Jun-2018 18:27:24.082 INFORMACIÓN [main] org.apache.catalina.startup.HostConfig.deployDirectory Despliegue del directorio [C:\workspaces\terrario\tomcat-9.0\webapps\host-manager] de la aplicación web
18-Jun-2018 18:27:24.880 INFORMACIÓN [main] org.apache.jasper.servlet.TldScanner.scanJars Al menos un JAR, que se ha explorado buscando TLDs, aún no contenía TLDs. Activar historial de depuración para este historiador para una completa lista de los JARs que fueron explorados y de los que nos se halló TLDs. Saltarse JARs no necesarios durante la exploración puede dar lugar a una mejora de tiempo significativa en el arranque y compilación de JSP .
18-Jun-2018 18:27:24.880 INFORMACIÓN [main] org.apache.catalina.startup.HostConfig.deployDirectory Deployment of web application directory [C:\workspaces\terrario\tomcat-9.0\webapps\host-manager] has finished in [798] ms
18-Jun-2018 18:27:24.880 INFORMACIÓN [main] org.apache.catalina.startup.HostConfig.deployDirectory Despliegue del directorio [C:\workspaces\terrario\tomcat-9.0\webapps\manager] de la aplicación web
18-Jun-2018 18:27:25.649 INFORMACIÓN [main] org.apache.jasper.servlet.TldScanner.scanJars Al menos un JAR, que se ha explorado buscando TLDs, aún no contenía TLDs. Activar historial de depuración para este historiador para una completa lista de los JARs que fueron explorados y de los que nos se halló TLDs. Saltarse JARs no necesarios durante la exploración puede dar lugar a una mejora de tiempo significativa en el arranque y compilación de JSP .
18-Jun-2018 18:27:25.657 INFORMACIÓN [main] org.apache.catalina.startup.HostConfig.deployDirectory Deployment of web application directory [C:\workspaces\terrario\tomcat-9.0\webapps\manager] has finished in [777] ms
18-Jun-2018 18:27:25.658 INFORMACIÓN [main] org.apache.catalina.startup.HostConfig.deployDirectory Despliegue del directorio [C:\workspaces\terrario\tomcat-9.0\webapps\ROOT] de la aplicación web
18-Jun-2018 18:27:26.473 INFORMACIÓN [main] org.apache.jasper.servlet.TldScanner.scanJars Al menos un JAR, que se ha explorado buscando TLDs, aún no contenía TLDs. Activar historial de depuración para este historiador para una completa lista de los JARs que fueron explorados y de los que nos se halló TLDs. Saltarse JARs no necesarios durante la exploración puede dar lugar a una mejora de tiempo significativa en el arranque y compilación de JSP .
18-Jun-2018 18:27:26.473 INFORMACIÓN [main] org.apache.catalina.startup.HostConfig.deployDirectory Deployment of web application directory [C:\workspaces\terrario\tomcat-9.0\webapps\ROOT] has finished in [815] ms
18-Jun-2018 18:27:26.473 INFORMACIÓN [main] org.apache.coyote.AbstractProtocol.start Starting ProtocolHandler ["http-nio-8080"]
18-Jun-2018 18:27:26.488 INFORMACIÓN [main] org.apache.coyote.AbstractProtocol.start Starting ProtocolHandler ["ajp-nio-8009"]
18-Jun-2018 18:27:26.488 INFORMACIÓN [main] org.apache.catalina.startup.Catalina.start Server startup in 8157 ms
18-Jun-2018 18:27:28.041 INFORMACIÓN [http-nio-8080-exec-3] org.apache.catalina.startup.HostConfig.undeploy Repliegue (undeploy) de la aplicación web que tiene como trayectoria de contexto [/RoboticaTerrario]
18-Jun-2018 18:27:28.149 INFORMACIÓN [http-nio-8080-exec-9] org.apache.catalina.startup.HostConfig.deployDescriptor Desplieque del descriptor de configuración [C:\workspaces\terrario\tomcat-9.0\conf\Catalina\localhost\RoboticaTerrario.xml]
18-Jun-2018 18:27:29.359 INFORMACIÓN [http-nio-8080-exec-9] org.apache.catalina.startup.HostConfig.deployDescriptor Deployment of configuration descriptor [C:\workspaces\terrario\tomcat-9.0\conf\Catalina\localhost\RoboticaTerrario.xml] has finished in [1.210] ms
18-Jun-2018 18:27:29.359 ADVERTENCIA [http-nio-8080-exec-10] org.apache.catalina.realm.LockOutRealm.filterLockedAccounts Se ha intentado autentica al usuario bloqueado []
18-Jun-2018 18:27:29.359 INFORMACIÓN [http-nio-8080-exec-4] org.apache.catalina.util.LifecycleBase.start The start() method was called on component [StandardEngine[Catalina].StandardHost[localhost].StandardContext[/RoboticaTerrario]] after start() had already been called. The second call will be ignored.
18-Jun-2018 18:28:45.470 ADVERTENCIA [http-nio-8080-exec-19] org.apache.catalina.realm.LockOutRealm.filterLockedAccounts Se ha intentado autentica al usuario bloqueado []
18-Jun-2018 18:28:56.603 ADVERTENCIA [http-nio-8080-exec-11] org.apache.catalina.realm.LockOutRealm.filterLockedAccounts Se ha intentado autentica al usuario bloqueado []
18-Jun-2018 18:28:56.763 ADVERTENCIA [http-nio-8080-exec-16] org.apache.catalina.realm.LockOutRealm.filterLockedAccounts Se ha intentado autentica al usuario bloqueado []
18-Jun-2018 18:28:56.776 INFORMACIÓN [http-nio-8080-exec-17] org.apache.catalina.core.StandardContext.reload Ha comenzado la recarga de Contexto [/RoboticaTerrario]
18-Jun-2018 18:28:58.738 INFORMACIÓN [http-nio-8080-exec-17] org.apache.catalina.core.StandardContext.reload Se ha completado la recarga de este Contexto
18-Jun-2018 18:28:58.769 ADVERTENCIA [http-nio-8080-exec-21] org.apache.catalina.realm.LockOutRealm.filterLockedAccounts Se ha intentado autentica al usuario bloqueado []
18-Jun-2018 18:28:58.816 ADVERTENCIA [http-nio-8080-exec-18] org.apache.catalina.realm.LockOutRealm.filterLockedAccounts Se ha intentado autentica al usuario bloqueado []
18-Jun-2018 18:28:58.816 INFORMACIÓN [http-nio-8080-exec-15] org.apache.catalina.core.StandardContext.reload Ha comenzado la recarga de Contexto [/RoboticaTerrario]
18-Jun-2018 18:29:00.221 INFORMACIÓN [http-nio-8080-exec-15] org.apache.catalina.core.StandardContext.reload Se ha completado la recarga de este Contexto
18-Jun-2018 18:29:04.000 ADVERTENCIA [http-nio-8080-exec-12] org.apache.catalina.realm.LockOutRealm.filterLockedAccounts Se ha intentado autentica al usuario bloqueado []
18-Jun-2018 18:29:04.001 ADVERTENCIA [http-nio-8080-exec-21] org.apache.catalina.realm.LockOutRealm.filterLockedAccounts Se ha intentado autentica al usuario bloqueado []
18-Jun-2018 18:29:04.521 INFORMACIÓN [http-nio-8080-exec-16] org.apache.catalina.startup.HostConfig.undeploy Repliegue (undeploy) de la aplicación web que tiene como trayectoria de contexto [/RoboticaTerrario]
18-Jun-2018 18:29:17.612 INFORMACIÓN [main] org.apache.catalina.core.StandardServer.await Se ha recibido un comando de apagado a través del puerto de apagado. Parando la instancia del Servidor.
18-Jun-2018 18:29:17.612 INFORMACIÓN [main] org.apache.coyote.AbstractProtocol.pause Pausing ProtocolHandler ["http-nio-8080"]
18-Jun-2018 18:29:17.904 INFORMACIÓN [main] org.apache.coyote.AbstractProtocol.pause Pausing ProtocolHandler ["ajp-nio-8009"]
18-Jun-2018 18:29:18.164 INFORMACIÓN [main] org.apache.catalina.core.StandardService.stopInternal Parando servicio [Catalina]
18-Jun-2018 18:29:18.182 INFORMACIÓN [main] org.apache.coyote.AbstractProtocol.stop Stopping ProtocolHandler ["http-nio-8080"]
18-Jun-2018 18:29:18.188 INFORMACIÓN [main] org.apache.coyote.AbstractProtocol.stop Stopping ProtocolHandler ["ajp-nio-8009"]
18-Jun-2018 18:29:18.190 INFORMACIÓN [main] org.apache.coyote.AbstractProtocol.destroy Destroying ProtocolHandler ["http-nio-8080"]
18-Jun-2018 18:29:18.191 INFORMACIÓN [main] org.apache.coyote.AbstractProtocol.destroy Destroying ProtocolHandler ["ajp-nio-8009"]
18-Jun-2018 18:29:22.435 INFORMACIÓN [main] org.apache.catalina.startup.VersionLoggerListener.log Server version:        Apache Tomcat/9.0.4
18-Jun-2018 18:29:22.435 INFORMACIÓN [main] org.apache.catalina.startup.VersionLoggerListener.log Server built:          Jan 18 2018 19:42:17 UTC
18-Jun-2018 18:29:22.435 INFORMACIÓN [main] org.apache.catalina.startup.VersionLoggerListener.log Server number:         9.0.4.0
18-Jun-2018 18:29:22.435 INFORMACIÓN [main] org.apache.catalina.startup.VersionLoggerListener.log OS Name:               Windows 10
18-Jun-2018 18:29:22.435 INFORMACIÓN [main] org.apache.catalina.startup.VersionLoggerListener.log OS Version:            10.0
18-Jun-2018 18:29:22.435 INFORMACIÓN [main] org.apache.catalina.startup.VersionLoggerListener.log Architecture:          amd64
18-Jun-2018 18:29:22.435 INFORMACIÓN [main] org.apache.catalina.startup.VersionLoggerListener.log Java Home:             C:\Program Files\Java\jdk1.8.0_171\jre
18-Jun-2018 18:29:22.435 INFORMACIÓN [main] org.apache.catalina.startup.VersionLoggerListener.log JVM Version:           1.8.0_171-b11
18-Jun-2018 18:29:22.435 INFORMACIÓN [main] org.apache.catalina.startup.VersionLoggerListener.log JVM Vendor:            Oracle Corporation
18-Jun-2018 18:29:22.435 INFORMACIÓN [main] org.apache.catalina.startup.VersionLoggerListener.log CATALINA_BASE:         C:\workspaces\terrario\tomcat-9.0
18-Jun-2018 18:29:22.435 INFORMACIÓN [main] org.apache.catalina.startup.VersionLoggerListener.log CATALINA_HOME:         C:\workspaces\terrario\tomcat-9.0
18-Jun-2018 18:29:22.435 INFORMACIÓN [main] org.apache.catalina.startup.VersionLoggerListener.log Command line argument: -Djava.util.logging.config.file=C:\workspaces\terrario\tomcat-9.0\conf\logging.properties
18-Jun-2018 18:29:22.435 INFORMACIÓN [main] org.apache.catalina.startup.VersionLoggerListener.log Command line argument: -Djava.util.logging.manager=org.apache.juli.ClassLoaderLogManager
18-Jun-2018 18:29:22.435 INFORMACIÓN [main] org.apache.catalina.startup.VersionLoggerListener.log Command line argument: -Dhttp.nonProxyHosts=localhost|127.0.0.1|MX3500906DC0189
18-Jun-2018 18:29:22.435 INFORMACIÓN [main] org.apache.catalina.startup.VersionLoggerListener.log Command line argument: -Djdk.tls.ephemeralDHKeySize=2048
18-Jun-2018 18:29:22.435 INFORMACIÓN [main] org.apache.catalina.startup.VersionLoggerListener.log Command line argument: -Djava.protocol.handler.pkgs=org.apache.catalina.webresources
18-Jun-2018 18:29:22.435 INFORMACIÓN [main] org.apache.catalina.startup.VersionLoggerListener.log Command line argument: -agentlib:jdwp=transport=dt_shmem,address=tomcat_shared_memory_id,server=y,suspend=n
18-Jun-2018 18:29:22.435 INFORMACIÓN [main] org.apache.catalina.startup.VersionLoggerListener.log Command line argument: -Dignore.endorsed.dirs=
18-Jun-2018 18:29:22.435 INFORMACIÓN [main] org.apache.catalina.startup.VersionLoggerListener.log Command line argument: -Dcatalina.base=C:\workspaces\terrario\tomcat-9.0
18-Jun-2018 18:29:22.435 INFORMACIÓN [main] org.apache.catalina.startup.VersionLoggerListener.log Command line argument: -Dcatalina.home=C:\workspaces\terrario\tomcat-9.0
18-Jun-2018 18:29:22.451 INFORMACIÓN [main] org.apache.catalina.startup.VersionLoggerListener.log Command line argument: -Djava.io.tmpdir=C:\workspaces\terrario\tomcat-9.0\temp
18-Jun-2018 18:29:22.451 INFORMACIÓN [main] org.apache.catalina.core.AprLifecycleListener.lifecycleEvent La biblioteca nativa de Apache Tomcat basada en ARP que permite un rendimiento óptimo en entornos de desarrollo no ha sido hallada en java.library.path: [C:\Program Files\Java\jdk1.8.0_171\bin;C:\WINDOWS\Sun\Java\bin;C:\WINDOWS\system32;C:\WINDOWS;C:\Program Files (x86)\Common Files\Oracle\Java\javapath;C:\Program Files (x86)\Intel\iCLS Client\;C:\Program Files\Intel\iCLS Client\;C:\WINDOWS\system32;C:\WINDOWS;C:\WINDOWS\System32\Wbem;C:\WINDOWS\System32\WindowsPowerShell\v1.0\;C:\Program Files (x86)\Intel\Intel(R) Management Engine Components\DAL;C:\Program Files\Intel\Intel(R) Management Engine Components\DAL;C:\Program Files (x86)\Intel\Intel(R) Management Engine Components\IPT;C:\Program Files\Intel\Intel(R) Management Engine Components\IPT;C:\Program Files\TortoiseSVN\bin;C:\Program Files\Java\jdk1.8.0_171;C:\Program Files\Java\jdk1.8.0_171\bin;C:\Program Files\dotnet\;C:\Program Files\Microsoft SQL Server\130\Tools\Binn\;"C:\Users\x45558re\AppData\Local\Microsoft\WindowsApps;C:\Program Files\Java\jdk1.8.0_171\bin";;.]
18-Jun-2018 18:29:22.776 INFORMACIÓN [main] org.apache.coyote.AbstractProtocol.init Initializing ProtocolHandler ["http-nio-8080"]
18-Jun-2018 18:29:23.122 INFORMACIÓN [main] org.apache.tomcat.util.net.NioSelectorPool.getSharedSelector Using a shared selector for servlet write/read
18-Jun-2018 18:29:23.124 INFORMACIÓN [main] org.apache.coyote.AbstractProtocol.init Initializing ProtocolHandler ["ajp-nio-8009"]
18-Jun-2018 18:29:23.124 INFORMACIÓN [main] org.apache.tomcat.util.net.NioSelectorPool.getSharedSelector Using a shared selector for servlet write/read
18-Jun-2018 18:29:23.124 INFORMACIÓN [main] org.apache.catalina.startup.Catalina.load Initialization processed in 1208 ms
18-Jun-2018 18:29:23.206 INFORMACIÓN [main] org.apache.catalina.core.StandardService.startInternal Arrancando servicio [Catalina]
18-Jun-2018 18:29:23.206 INFORMACIÓN [main] org.apache.catalina.core.StandardEngine.startInternal Starting Servlet Engine: Apache Tomcat/9.0.4
18-Jun-2018 18:29:23.223 INFORMACIÓN [main] org.apache.catalina.startup.HostConfig.deployDirectory Despliegue del directorio [C:\workspaces\terrario\tomcat-9.0\webapps\docs] de la aplicación web
18-Jun-2018 18:29:24.600 INFORMACIÓN [main] org.apache.jasper.servlet.TldScanner.scanJars Al menos un JAR, que se ha explorado buscando TLDs, aún no contenía TLDs. Activar historial de depuración para este historiador para una completa lista de los JARs que fueron explorados y de los que nos se halló TLDs. Saltarse JARs no necesarios durante la exploración puede dar lugar a una mejora de tiempo significativa en el arranque y compilación de JSP .
18-Jun-2018 18:29:24.679 INFORMACIÓN [main] org.apache.catalina.startup.HostConfig.deployDirectory Deployment of web application directory [C:\workspaces\terrario\tomcat-9.0\webapps\docs] has finished in [1.457] ms
18-Jun-2018 18:29:24.679 INFORMACIÓN [main] org.apache.catalina.startup.HostConfig.deployDirectory Despliegue del directorio [C:\workspaces\terrario\tomcat-9.0\webapps\examples] de la aplicación web
18-Jun-2018 18:29:26.180 INFORMACIÓN [main] org.apache.jasper.servlet.TldScanner.scanJars Al menos un JAR, que se ha explorado buscando TLDs, aún no contenía TLDs. Activar historial de depuración para este historiador para una completa lista de los JARs que fueron explorados y de los que nos se halló TLDs. Saltarse JARs no necesarios durante la exploración puede dar lugar a una mejora de tiempo significativa en el arranque y compilación de JSP .
18-Jun-2018 18:29:26.286 INFORMACIÓN [main] org.apache.catalina.startup.HostConfig.deployDirectory Deployment of web application directory [C:\workspaces\terrario\tomcat-9.0\webapps\examples] has finished in [1.607] ms
18-Jun-2018 18:29:26.286 INFORMACIÓN [main] org.apache.catalina.startup.HostConfig.deployDirectory Despliegue del directorio [C:\workspaces\terrario\tomcat-9.0\webapps\host-manager] de la aplicación web
18-Jun-2018 18:29:27.234 INFORMACIÓN [main] org.apache.jasper.servlet.TldScanner.scanJars Al menos un JAR, que se ha explorado buscando TLDs, aún no contenía TLDs. Activar historial de depuración para este historiador para una completa lista de los JARs que fueron explorados y de los que nos se halló TLDs. Saltarse JARs no necesarios durante la exploración puede dar lugar a una mejora de tiempo significativa en el arranque y compilación de JSP .
18-Jun-2018 18:29:27.244 INFORMACIÓN [main] org.apache.catalina.startup.HostConfig.deployDirectory Deployment of web application directory [C:\workspaces\terrario\tomcat-9.0\webapps\host-manager] has finished in [958] ms
18-Jun-2018 18:29:27.244 INFORMACIÓN [main] org.apache.catalina.startup.HostConfig.deployDirectory Despliegue del directorio [C:\workspaces\terrario\tomcat-9.0\webapps\manager] de la aplicación web
18-Jun-2018 18:29:28.028 INFORMACIÓN [main] org.apache.jasper.servlet.TldScanner.scanJars Al menos un JAR, que se ha explorado buscando TLDs, aún no contenía TLDs. Activar historial de depuración para este historiador para una completa lista de los JARs que fueron explorados y de los que nos se halló TLDs. Saltarse JARs no necesarios durante la exploración puede dar lugar a una mejora de tiempo significativa en el arranque y compilación de JSP .
18-Jun-2018 18:29:28.028 INFORMACIÓN [main] org.apache.catalina.startup.HostConfig.deployDirectory Deployment of web application directory [C:\workspaces\terrario\tomcat-9.0\webapps\manager] has finished in [784] ms
18-Jun-2018 18:29:28.028 INFORMACIÓN [main] org.apache.catalina.startup.HostConfig.deployDirectory Despliegue del directorio [C:\workspaces\terrario\tomcat-9.0\webapps\ROOT] de la aplicación web
18-Jun-2018 18:29:28.673 INFORMACIÓN [main] org.apache.jasper.servlet.TldScanner.scanJars Al menos un JAR, que se ha explorado buscando TLDs, aún no contenía TLDs. Activar historial de depuración para este historiador para una completa lista de los JARs que fueron explorados y de los que nos se halló TLDs. Saltarse JARs no necesarios durante la exploración puede dar lugar a una mejora de tiempo significativa en el arranque y compilación de JSP .
18-Jun-2018 18:29:28.677 INFORMACIÓN [main] org.apache.catalina.startup.HostConfig.deployDirectory Deployment of web application directory [C:\workspaces\terrario\tomcat-9.0\webapps\ROOT] has finished in [649] ms
18-Jun-2018 18:29:28.677 INFORMACIÓN [main] org.apache.coyote.AbstractProtocol.start Starting ProtocolHandler ["http-nio-8080"]
18-Jun-2018 18:29:28.677 INFORMACIÓN [main] org.apache.coyote.AbstractProtocol.start Starting ProtocolHandler ["ajp-nio-8009"]
18-Jun-2018 18:29:28.693 INFORMACIÓN [main] org.apache.catalina.startup.Catalina.start Server startup in 5561 ms
18-Jun-2018 18:29:29.827 INFORMACIÓN [http-nio-8080-exec-6] org.apache.catalina.startup.HostConfig.deployDescriptor Desplieque del descriptor de configuración [C:\workspaces\terrario\tomcat-9.0\conf\Catalina\localhost\RoboticaTerrario.xml]
18-Jun-2018 18:29:31.098 INFORMACIÓN [http-nio-8080-exec-6] org.apache.jasper.servlet.TldScanner.scanJars Al menos un JAR, que se ha explorado buscando TLDs, aún no contenía TLDs. Activar historial de depuración para este historiador para una completa lista de los JARs que fueron explorados y de los que nos se halló TLDs. Saltarse JARs no necesarios durante la exploración puede dar lugar a una mejora de tiempo significativa en el arranque y compilación de JSP .
18-Jun-2018 18:29:31.098 INFORMACIÓN [http-nio-8080-exec-6] org.apache.catalina.startup.HostConfig.deployDescriptor Deployment of configuration descriptor [C:\workspaces\terrario\tomcat-9.0\conf\Catalina\localhost\RoboticaTerrario.xml] has finished in [1.271] ms
18-Jun-2018 18:29:31.114 INFORMACIÓN [http-nio-8080-exec-8] org.apache.catalina.util.LifecycleBase.start The start() method was called on component [StandardEngine[Catalina].StandardHost[localhost].StandardContext[/RoboticaTerrario]] after start() had already been called. The second call will be ignored.
18-Jun-2018 18:29:33.379 INFORMACIÓN [main] org.apache.catalina.core.StandardServer.await Se ha recibido un comando de apagado a través del puerto de apagado. Parando la instancia del Servidor.
18-Jun-2018 18:29:33.379 INFORMACIÓN [main] org.apache.coyote.AbstractProtocol.pause Pausing ProtocolHandler ["http-nio-8080"]
18-Jun-2018 18:29:33.718 INFORMACIÓN [main] org.apache.coyote.AbstractProtocol.pause Pausing ProtocolHandler ["ajp-nio-8009"]
18-Jun-2018 18:29:33.987 INFORMACIÓN [main] org.apache.catalina.core.StandardService.stopInternal Parando servicio [Catalina]
18-Jun-2018 18:29:34.037 INFORMACIÓN [main] org.apache.coyote.AbstractProtocol.stop Stopping ProtocolHandler ["http-nio-8080"]
18-Jun-2018 18:29:34.042 INFORMACIÓN [main] org.apache.coyote.AbstractProtocol.stop Stopping ProtocolHandler ["ajp-nio-8009"]
18-Jun-2018 18:29:34.048 INFORMACIÓN [main] org.apache.coyote.AbstractProtocol.destroy Destroying ProtocolHandler ["http-nio-8080"]
18-Jun-2018 18:29:34.052 INFORMACIÓN [main] org.apache.coyote.AbstractProtocol.destroy Destroying ProtocolHandler ["ajp-nio-8009"]
18-Jun-2018 18:30:45.941 INFORMACIÓN [main] org.apache.catalina.startup.VersionLoggerListener.log Server version:        Apache Tomcat/9.0.4
18-Jun-2018 18:30:45.947 INFORMACIÓN [main] org.apache.catalina.startup.VersionLoggerListener.log Server built:          Jan 18 2018 19:42:17 UTC
18-Jun-2018 18:30:45.948 INFORMACIÓN [main] org.apache.catalina.startup.VersionLoggerListener.log Server number:         9.0.4.0
18-Jun-2018 18:30:45.948 INFORMACIÓN [main] org.apache.catalina.startup.VersionLoggerListener.log OS Name:               Windows 10
18-Jun-2018 18:30:45.951 INFORMACIÓN [main] org.apache.catalina.startup.VersionLoggerListener.log OS Version:            10.0
18-Jun-2018 18:30:45.952 INFORMACIÓN [main] org.apache.catalina.startup.VersionLoggerListener.log Architecture:          amd64
18-Jun-2018 18:30:45.952 INFORMACIÓN [main] org.apache.catalina.startup.VersionLoggerListener.log Java Home:             C:\Program Files\Java\jdk1.8.0_171\jre
18-Jun-2018 18:30:45.952 INFORMACIÓN [main] org.apache.catalina.startup.VersionLoggerListener.log JVM Version:           1.8.0_171-b11
18-Jun-2018 18:30:45.952 INFORMACIÓN [main] org.apache.catalina.startup.VersionLoggerListener.log JVM Vendor:            Oracle Corporation
18-Jun-2018 18:30:45.952 INFORMACIÓN [main] org.apache.catalina.startup.VersionLoggerListener.log CATALINA_BASE:         C:\workspaces\terrario\tomcat-9.0
18-Jun-2018 18:30:45.952 INFORMACIÓN [main] org.apache.catalina.startup.VersionLoggerListener.log CATALINA_HOME:         C:\workspaces\terrario\tomcat-9.0
18-Jun-2018 18:30:45.953 INFORMACIÓN [main] org.apache.catalina.startup.VersionLoggerListener.log Command line argument: -Djava.util.logging.config.file=C:\workspaces\terrario\tomcat-9.0\conf\logging.properties
18-Jun-2018 18:30:45.954 INFORMACIÓN [main] org.apache.catalina.startup.VersionLoggerListener.log Command line argument: -Djava.util.logging.manager=org.apache.juli.ClassLoaderLogManager
18-Jun-2018 18:30:45.954 INFORMACIÓN [main] org.apache.catalina.startup.VersionLoggerListener.log Command line argument: -Dhttp.nonProxyHosts=localhost|127.0.0.1|MX3500906DC0189
18-Jun-2018 18:30:45.954 INFORMACIÓN [main] org.apache.catalina.startup.VersionLoggerListener.log Command line argument: -Djdk.tls.ephemeralDHKeySize=2048
18-Jun-2018 18:30:45.954 INFORMACIÓN [main] org.apache.catalina.startup.VersionLoggerListener.log Command line argument: -Djava.protocol.handler.pkgs=org.apache.catalina.webresources
18-Jun-2018 18:30:45.954 INFORMACIÓN [main] org.apache.catalina.startup.VersionLoggerListener.log Command line argument: -agentlib:jdwp=transport=dt_shmem,address=tomcat_shared_memory_id,server=y,suspend=n
18-Jun-2018 18:30:45.954 INFORMACIÓN [main] org.apache.catalina.startup.VersionLoggerListener.log Command line argument: -Dignore.endorsed.dirs=
18-Jun-2018 18:30:45.954 INFORMACIÓN [main] org.apache.catalina.startup.VersionLoggerListener.log Command line argument: -Dcatalina.base=C:\workspaces\terrario\tomcat-9.0
18-Jun-2018 18:30:45.954 INFORMACIÓN [main] org.apache.catalina.startup.VersionLoggerListener.log Command line argument: -Dcatalina.home=C:\workspaces\terrario\tomcat-9.0
18-Jun-2018 18:30:45.955 INFORMACIÓN [main] org.apache.catalina.startup.VersionLoggerListener.log Command line argument: -Djava.io.tmpdir=C:\workspaces\terrario\tomcat-9.0\temp
18-Jun-2018 18:30:45.956 INFORMACIÓN [main] org.apache.catalina.core.AprLifecycleListener.lifecycleEvent La biblioteca nativa de Apache Tomcat basada en ARP que permite un rendimiento óptimo en entornos de desarrollo no ha sido hallada en java.library.path: [C:\Program Files\Java\jdk1.8.0_171\bin;C:\WINDOWS\Sun\Java\bin;C:\WINDOWS\system32;C:\WINDOWS;C:\Program Files (x86)\Common Files\Oracle\Java\javapath;C:\Program Files (x86)\Intel\iCLS Client\;C:\Program Files\Intel\iCLS Client\;C:\WINDOWS\system32;C:\WINDOWS;C:\WINDOWS\System32\Wbem;C:\WINDOWS\System32\WindowsPowerShell\v1.0\;C:\Program Files (x86)\Intel\Intel(R) Management Engine Components\DAL;C:\Program Files\Intel\Intel(R) Management Engine Components\DAL;C:\Program Files (x86)\Intel\Intel(R) Management Engine Components\IPT;C:\Program Files\Intel\Intel(R) Management Engine Components\IPT;C:\Program Files\TortoiseSVN\bin;C:\Program Files\Java\jdk1.8.0_171;C:\Program Files\Java\jdk1.8.0_171\bin;C:\Program Files\dotnet\;C:\Program Files\Microsoft SQL Server\130\Tools\Binn\;"C:\Users\x45558re\AppData\Local\Microsoft\WindowsApps;C:\Program Files\Java\jdk1.8.0_171\bin";;.]
18-Jun-2018 18:30:46.224 INFORMACIÓN [main] org.apache.coyote.AbstractProtocol.init Initializing ProtocolHandler ["http-nio-8080"]
18-Jun-2018 18:30:46.492 INFORMACIÓN [main] org.apache.tomcat.util.net.NioSelectorPool.getSharedSelector Using a shared selector for servlet write/read
18-Jun-2018 18:30:46.507 INFORMACIÓN [main] org.apache.coyote.AbstractProtocol.init Initializing ProtocolHandler ["ajp-nio-8009"]
18-Jun-2018 18:30:46.507 INFORMACIÓN [main] org.apache.tomcat.util.net.NioSelectorPool.getSharedSelector Using a shared selector for servlet write/read
18-Jun-2018 18:30:46.507 INFORMACIÓN [main] org.apache.catalina.startup.Catalina.load Initialization processed in 1109 ms
18-Jun-2018 18:30:46.554 INFORMACIÓN [main] org.apache.catalina.core.StandardService.startInternal Arrancando servicio [Catalina]
18-Jun-2018 18:30:46.554 INFORMACIÓN [main] org.apache.catalina.core.StandardEngine.startInternal Starting Servlet Engine: Apache Tomcat/9.0.4
18-Jun-2018 18:30:46.586 INFORMACIÓN [main] org.apache.catalina.startup.HostConfig.deployDescriptor Desplieque del descriptor de configuración [C:\workspaces\terrario\tomcat-9.0\conf\Catalina\localhost\RoboticaTerrario.xml]
18-Jun-2018 18:30:48.693 INFORMACIÓN [main] org.apache.jasper.servlet.TldScanner.scanJars Al menos un JAR, que se ha explorado buscando TLDs, aún no contenía TLDs. Activar historial de depuración para este historiador para una completa lista de los JARs que fueron explorados y de los que nos se halló TLDs. Saltarse JARs no necesarios durante la exploración puede dar lugar a una mejora de tiempo significativa en el arranque y compilación de JSP .
18-Jun-2018 18:30:48.803 INFORMACIÓN [main] org.apache.catalina.startup.HostConfig.deployDescriptor Deployment of configuration descriptor [C:\workspaces\terrario\tomcat-9.0\conf\Catalina\localhost\RoboticaTerrario.xml] has finished in [2.217] ms
18-Jun-2018 18:30:48.803 INFORMACIÓN [main] org.apache.catalina.startup.HostConfig.deployDirectory Despliegue del directorio [C:\workspaces\terrario\tomcat-9.0\webapps\docs] de la aplicación web
18-Jun-2018 18:30:49.765 INFORMACIÓN [main] org.apache.jasper.servlet.TldScanner.scanJars Al menos un JAR, que se ha explorado buscando TLDs, aún no contenía TLDs. Activar historial de depuración para este historiador para una completa lista de los JARs que fueron explorados y de los que nos se halló TLDs. Saltarse JARs no necesarios durante la exploración puede dar lugar a una mejora de tiempo significativa en el arranque y compilación de JSP .
18-Jun-2018 18:30:49.765 INFORMACIÓN [main] org.apache.catalina.startup.HostConfig.deployDirectory Deployment of web application directory [C:\workspaces\terrario\tomcat-9.0\webapps\docs] has finished in [962] ms
18-Jun-2018 18:30:49.765 INFORMACIÓN [main] org.apache.catalina.startup.HostConfig.deployDirectory Despliegue del directorio [C:\workspaces\terrario\tomcat-9.0\webapps\examples] de la aplicación web
18-Jun-2018 18:30:51.167 INFORMACIÓN [main] org.apache.jasper.servlet.TldScanner.scanJars Al menos un JAR, que se ha explorado buscando TLDs, aún no contenía TLDs. Activar historial de depuración para este historiador para una completa lista de los JARs que fueron explorados y de los que nos se halló TLDs. Saltarse JARs no necesarios durante la exploración puede dar lugar a una mejora de tiempo significativa en el arranque y compilación de JSP .
18-Jun-2018 18:30:51.262 INFORMACIÓN [main] org.apache.catalina.startup.HostConfig.deployDirectory Deployment of web application directory [C:\workspaces\terrario\tomcat-9.0\webapps\examples] has finished in [1.497] ms
18-Jun-2018 18:30:51.262 INFORMACIÓN [main] org.apache.catalina.startup.HostConfig.deployDirectory Despliegue del directorio [C:\workspaces\terrario\tomcat-9.0\webapps\host-manager] de la aplicación web
18-Jun-2018 18:30:52.045 INFORMACIÓN [main] org.apache.jasper.servlet.TldScanner.scanJars Al menos un JAR, que se ha explorado buscando TLDs, aún no contenía TLDs. Activar historial de depuración para este historiador para una completa lista de los JARs que fueron explorados y de los que nos se halló TLDs. Saltarse JARs no necesarios durante la exploración puede dar lugar a una mejora de tiempo significativa en el arranque y compilación de JSP .
18-Jun-2018 18:30:52.068 INFORMACIÓN [main] org.apache.catalina.startup.HostConfig.deployDirectory Deployment of web application directory [C:\workspaces\terrario\tomcat-9.0\webapps\host-manager] has finished in [806] ms
18-Jun-2018 18:30:52.068 INFORMACIÓN [main] org.apache.catalina.startup.HostConfig.deployDirectory Despliegue del directorio [C:\workspaces\terrario\tomcat-9.0\webapps\manager] de la aplicación web
18-Jun-2018 18:30:52.770 INFORMACIÓN [main] org.apache.jasper.servlet.TldScanner.scanJars Al menos un JAR, que se ha explorado buscando TLDs, aún no contenía TLDs. Activar historial de depuración para este historiador para una completa lista de los JARs que fueron explorados y de los que nos se halló TLDs. Saltarse JARs no necesarios durante la exploración puede dar lugar a una mejora de tiempo significativa en el arranque y compilación de JSP .
18-Jun-2018 18:30:52.770 INFORMACIÓN [main] org.apache.catalina.startup.HostConfig.deployDirectory Deployment of web application directory [C:\workspaces\terrario\tomcat-9.0\webapps\manager] has finished in [702] ms
18-Jun-2018 18:30:52.770 INFORMACIÓN [main] org.apache.catalina.startup.HostConfig.deployDirectory Despliegue del directorio [C:\workspaces\terrario\tomcat-9.0\webapps\ROOT] de la aplicación web
18-Jun-2018 18:30:53.411 INFORMACIÓN [main] org.apache.jasper.servlet.TldScanner.scanJars Al menos un JAR, que se ha explorado buscando TLDs, aún no contenía TLDs. Activar historial de depuración para este historiador para una completa lista de los JARs que fueron explorados y de los que nos se halló TLDs. Saltarse JARs no necesarios durante la exploración puede dar lugar a una mejora de tiempo significativa en el arranque y compilación de JSP .
18-Jun-2018 18:30:53.411 INFORMACIÓN [main] org.apache.catalina.startup.HostConfig.deployDirectory Deployment of web application directory [C:\workspaces\terrario\tomcat-9.0\webapps\ROOT] has finished in [641] ms
18-Jun-2018 18:30:53.411 INFORMACIÓN [main] org.apache.coyote.AbstractProtocol.start Starting ProtocolHandler ["http-nio-8080"]
18-Jun-2018 18:30:53.426 INFORMACIÓN [main] org.apache.coyote.AbstractProtocol.start Starting ProtocolHandler ["ajp-nio-8009"]
18-Jun-2018 18:30:53.426 INFORMACIÓN [main] org.apache.catalina.startup.Catalina.start Server startup in 6916 ms
18-Jun-2018 18:30:54.430 INFORMACIÓN [http-nio-8080-exec-7] org.apache.catalina.startup.HostConfig.undeploy Repliegue (undeploy) de la aplicación web que tiene como trayectoria de contexto [/RoboticaTerrario]
18-Jun-2018 18:30:54.492 INFORMACIÓN [http-nio-8080-exec-5] org.apache.catalina.startup.HostConfig.deployDescriptor Desplieque del descriptor de configuración [C:\workspaces\terrario\tomcat-9.0\conf\Catalina\localhost\RoboticaTerrario.xml]
18-Jun-2018 18:30:55.710 INFORMACIÓN [http-nio-8080-exec-5] org.apache.catalina.startup.HostConfig.deployDescriptor Deployment of configuration descriptor [C:\workspaces\terrario\tomcat-9.0\conf\Catalina\localhost\RoboticaTerrario.xml] has finished in [1.234] ms
18-Jun-2018 18:30:55.710 ADVERTENCIA [http-nio-8080-exec-1] org.apache.catalina.realm.LockOutRealm.filterLockedAccounts Se ha intentado autentica al usuario bloqueado []
18-Jun-2018 18:30:55.726 INFORMACIÓN [http-nio-8080-exec-9] org.apache.catalina.util.LifecycleBase.start The start() method was called on component [StandardEngine[Catalina].StandardHost[localhost].StandardContext[/RoboticaTerrario]] after start() had already been called. The second call will be ignored.
18-Jun-2018 18:31:52.101 ADVERTENCIA [http-nio-8080-exec-17] org.apache.catalina.realm.LockOutRealm.filterLockedAccounts Se ha intentado autentica al usuario bloqueado []
18-Jun-2018 18:31:52.219 ADVERTENCIA [http-nio-8080-exec-4] org.apache.catalina.realm.LockOutRealm.filterLockedAccounts Se ha intentado autentica al usuario bloqueado []
18-Jun-2018 18:31:52.225 INFORMACIÓN [http-nio-8080-exec-9] org.apache.catalina.core.StandardContext.reload Ha comenzado la recarga de Contexto [/RoboticaTerrario]
18-Jun-2018 18:31:54.240 INFORMACIÓN [http-nio-8080-exec-9] org.apache.catalina.core.StandardContext.reload Se ha completado la recarga de este Contexto
18-Jun-2018 18:31:54.293 ADVERTENCIA [http-nio-8080-exec-12] org.apache.catalina.realm.LockOutRealm.filterLockedAccounts Se ha intentado autentica al usuario bloqueado []
18-Jun-2018 18:31:54.381 ADVERTENCIA [http-nio-8080-exec-18] org.apache.catalina.realm.LockOutRealm.filterLockedAccounts Se ha intentado autentica al usuario bloqueado []
18-Jun-2018 18:31:54.386 INFORMACIÓN [http-nio-8080-exec-17] org.apache.catalina.core.StandardContext.reload Ha comenzado la recarga de Contexto [/RoboticaTerrario]
18-Jun-2018 18:31:55.867 INFORMACIÓN [http-nio-8080-exec-17] org.apache.catalina.core.StandardContext.reload Se ha completado la recarga de este Contexto
18-Jun-2018 18:34:25.774 ADVERTENCIA [http-nio-8080-exec-23] org.apache.catalina.realm.LockOutRealm.filterLockedAccounts Se ha intentado autentica al usuario bloqueado []
18-Jun-2018 18:34:25.790 ADVERTENCIA [http-nio-8080-exec-22] org.apache.catalina.realm.LockOutRealm.filterLockedAccounts Se ha intentado autentica al usuario bloqueado []
18-Jun-2018 18:34:25.805 ADVERTENCIA [http-nio-8080-exec-20] org.apache.catalina.realm.LockOutRealm.filterLockedAccounts Se ha intentado autentica al usuario bloqueado []
18-Jun-2018 18:34:26.332 INFORMACIÓN [http-nio-8080-exec-25] org.apache.catalina.startup.HostConfig.undeploy Repliegue (undeploy) de la aplicación web que tiene como trayectoria de contexto [/RoboticaTerrario]
18-Jun-2018 18:34:26.358 ADVERTENCIA [http-nio-8080-exec-21] org.apache.catalina.realm.LockOutRealm.filterLockedAccounts Se ha intentado autentica al usuario bloqueado []
18-Jun-2018 18:34:26.367 INFORMACIÓN [http-nio-8080-exec-18] org.apache.catalina.startup.HostConfig.deployDescriptor Desplieque del descriptor de configuración [C:\workspaces\terrario\tomcat-9.0\conf\Catalina\localhost\RoboticaTerrario.xml]
18-Jun-2018 18:34:27.899 INFORMACIÓN [http-nio-8080-exec-18] org.apache.catalina.startup.HostConfig.deployDescriptor Deployment of configuration descriptor [C:\workspaces\terrario\tomcat-9.0\conf\Catalina\localhost\RoboticaTerrario.xml] has finished in [1.532] ms
18-Jun-2018 18:34:27.904 ADVERTENCIA [http-nio-8080-exec-20] org.apache.catalina.realm.LockOutRealm.filterLockedAccounts Se ha intentado autentica al usuario bloqueado []
18-Jun-2018 18:34:27.907 INFORMACIÓN [http-nio-8080-exec-24] org.apache.catalina.util.LifecycleBase.start The start() method was called on component [StandardEngine[Catalina].StandardHost[localhost].StandardContext[/RoboticaTerrario]] after start() had already been called. The second call will be ignored.
18-Jun-2018 18:39:50.335 INFORMACIÓN [http-nio-8080-exec-26] org.apache.catalina.core.StandardContext.reload Ha comenzado la recarga de Contexto [/RoboticaTerrario]
18-Jun-2018 18:39:51.664 INFORMACIÓN [http-nio-8080-exec-26] org.apache.catalina.core.StandardContext.reload Se ha completado la recarga de este Contexto
18-Jun-2018 18:39:51.799 INFORMACIÓN [http-nio-8080-exec-29] org.apache.catalina.core.StandardContext.reload Ha comenzado la recarga de Contexto [/RoboticaTerrario]
18-Jun-2018 18:39:53.282 INFORMACIÓN [http-nio-8080-exec-29] org.apache.catalina.core.StandardContext.reload Se ha completado la recarga de este Contexto
18-Jun-2018 18:40:50.343 ADVERTENCIA [http-nio-8080-exec-38] org.apache.catalina.realm.LockOutRealm.filterLockedAccounts Se ha intentado autentica al usuario bloqueado []
18-Jun-2018 18:40:50.518 ADVERTENCIA [http-nio-8080-exec-30] org.apache.catalina.realm.LockOutRealm.filterLockedAccounts Se ha intentado autentica al usuario bloqueado []
18-Jun-2018 18:40:50.526 INFORMACIÓN [http-nio-8080-exec-34] org.apache.catalina.core.StandardContext.reload Ha comenzado la recarga de Contexto [/RoboticaTerrario]
18-Jun-2018 18:40:53.769 INFORMACIÓN [http-nio-8080-exec-34] org.apache.catalina.core.StandardContext.reload Se ha completado la recarga de este Contexto
18-Jun-2018 18:42:26.398 ADVERTENCIA [http-nio-8080-exec-32] org.apache.catalina.realm.LockOutRealm.filterLockedAccounts Se ha intentado autentica al usuario bloqueado []
18-Jun-2018 18:42:26.416 ADVERTENCIA [http-nio-8080-exec-42] org.apache.catalina.realm.LockOutRealm.filterLockedAccounts Se ha intentado autentica al usuario bloqueado []
18-Jun-2018 18:42:26.930 INFORMACIÓN [http-nio-8080-exec-33] org.apache.catalina.startup.HostConfig.undeploy Repliegue (undeploy) de la aplicación web que tiene como trayectoria de contexto [/RoboticaTerrario]
18-Jun-2018 18:44:56.313 ADVERTENCIA [http-nio-8080-exec-33] org.apache.catalina.realm.LockOutRealm.filterLockedAccounts Se ha intentado autentica al usuario bloqueado []
18-Jun-2018 18:45:11.676 ADVERTENCIA [http-nio-8080-exec-38] org.apache.catalina.realm.LockOutRealm.filterLockedAccounts Se ha intentado autentica al usuario bloqueado []
18-Jun-2018 18:47:35.992 ADVERTENCIA [http-nio-8080-exec-38] org.apache.catalina.realm.LockOutRealm.filterLockedAccounts Se ha intentado autentica al usuario bloqueado []
18-Jun-2018 18:49:38.099 ADVERTENCIA [http-nio-8080-exec-47] org.apache.catalina.realm.LockOutRealm.filterLockedAccounts Se ha intentado autentica al usuario bloqueado []
18-Jun-2018 18:51:41.742 ADVERTENCIA [http-nio-8080-exec-49] org.apache.catalina.realm.LockOutRealm.filterLockedAccounts Se ha intentado autentica al usuario bloqueado []
18-Jun-2018 18:54:59.704 ADVERTENCIA [http-nio-8080-exec-52] org.apache.catalina.realm.LockOutRealm.filterLockedAccounts Se ha intentado autentica al usuario bloqueado []
18-Jun-2018 18:59:09.534 INFORMACIÓN [main] org.apache.catalina.core.StandardServer.await Se ha recibido un comando de apagado a través del puerto de apagado. Parando la instancia del Servidor.
18-Jun-2018 18:59:09.535 INFORMACIÓN [main] org.apache.coyote.AbstractProtocol.pause Pausing ProtocolHandler ["http-nio-8080"]
18-Jun-2018 18:59:10.029 INFORMACIÓN [main] org.apache.coyote.AbstractProtocol.pause Pausing ProtocolHandler ["ajp-nio-8009"]
18-Jun-2018 18:59:10.671 INFORMACIÓN [main] org.apache.catalina.core.StandardService.stopInternal Parando servicio [Catalina]
18-Jun-2018 18:59:10.691 INFORMACIÓN [main] org.apache.coyote.AbstractProtocol.stop Stopping ProtocolHandler ["http-nio-8080"]
18-Jun-2018 18:59:10.694 INFORMACIÓN [main] org.apache.coyote.AbstractProtocol.stop Stopping ProtocolHandler ["ajp-nio-8009"]
18-Jun-2018 18:59:10.698 INFORMACIÓN [1] org.apache.coyote.AbstractProtocol.destroy Destroying ProtocolHandler ["http-nio-8080"]
18-Jun-2018 18:59:10.699 INFORMACIÓN [1] org.apache.coyote.AbstractProtocol.destroy Destroying ProtocolHandler ["ajp-nio-8009"]
